\BOOKMARK [0][-]{chapter.1}{Introduction}{}% 1
\BOOKMARK [1][-]{section.1.1}{Tokamak plasma control}{chapter.1}% 2
\BOOKMARK [1][-]{section.1.2}{Behind the plasma current}{chapter.1}% 3
\BOOKMARK [1][-]{section.1.3}{Thesis outline}{chapter.1}% 4
\BOOKMARK [0][-]{chapter.2}{Plasma Control Systems}{}% 5
\BOOKMARK [1][-]{section.2.1}{Overview of control systems}{chapter.2}% 6
\BOOKMARK [1][-]{section.2.2}{MARTe framework}{chapter.2}% 7
\BOOKMARK [2][-]{subsection.2.2.1}{MARTe architecture }{section.2.2}% 8
\BOOKMARK [2][-]{subsection.2.2.2}{Hardware containers}{section.2.2}% 9
\BOOKMARK [2][-]{subsection.2.2.3}{MARTe 2.0}{section.2.2}% 10
\BOOKMARK [1][-]{section.2.3}{Equilibrium and control algorithms}{chapter.2}% 11
\BOOKMARK [2][-]{subsection.2.3.1}{PID control}{section.2.3}% 12
\BOOKMARK [2][-]{subsection.2.3.2}{Multiple-Input Multiple-Output control}{section.2.3}% 13
\BOOKMARK [0][-]{chapter.3}{JT60-SA control design}{}% 14
\BOOKMARK [1][-]{section.3.1}{Machine description}{chapter.3}% 15
\BOOKMARK [1][-]{section.3.2}{CREATE tools}{chapter.3}% 16
\BOOKMARK [1][-]{section.3.3}{Controller designs}{chapter.3}% 17
\BOOKMARK [1][-]{section.3.4}{QST tools implementation}{chapter.3}% 18
\BOOKMARK [1][-]{section.3.5}{Simulation results}{chapter.3}% 19
\BOOKMARK [0][-]{chapter.4}{ISTTOK }{}% 20
\BOOKMARK [1][-]{section.4.1}{Machine description}{chapter.4}% 21
\BOOKMARK [1][-]{section.4.2}{Diagnostics and Actuators}{chapter.4}% 22
\BOOKMARK [1][-]{section.4.3}{ATCA-MIMO-ISOL boards}{chapter.4}% 23
\BOOKMARK [2][-]{subsection.4.3.1}{Hardware layout}{section.4.3}% 24
\BOOKMARK [2][-]{subsection.4.3.2}{Real-time integration software}{section.4.3}% 25
\BOOKMARK [1][-]{section.4.4}{Retrieving the contribution of plasma current }{chapter.4}% 26
\BOOKMARK [1][-]{section.4.5}{Plasma centroid position determination}{chapter.4}% 27
\BOOKMARK [0][-]{chapter.5}{ISTTOK results }{}% 28
\BOOKMARK [1][-]{section.5.1}{General Application Modules implementations}{chapter.5}% 29
\BOOKMARK [1][-]{section.5.2}{PID control implementation}{chapter.5}% 30
\BOOKMARK [1][-]{section.5.3}{Multiple-Input Multiple-Output control implementation}{chapter.5}% 31
\BOOKMARK [0][-]{chapter.6}{Conclusions}{}% 32
\BOOKMARK [0][-]{chapter*.10}{Bibliography}{}% 33
\BOOKMARK [0][-]{Appendix.1.A}{Demonstrations}{}% 34
