This is pdfTeX, Version 3.14159265-2.6-1.40.20 (MiKTeX 2.9.7250 64-bit) (preloaded format=pdflatex 2019.12.25)  2 JAN 2020 23:12
entering extended mode
**./main.tex
(main.tex
LaTeX2e <2019-10-01> patch level 3
(includes/preamble.tex
(C:\Users\Dom\AppData\Roaming\MiKTeX\2.9\tex/latex/koma-script\scrbook.cls
Document Class: scrbook 2019/10/12 v3.27 KOMA-Script document class (book)
(C:\Users\Dom\AppData\Roaming\MiKTeX\2.9\tex/latex/koma-script\scrkbase.sty
Package: scrkbase 2019/10/12 v3.27 KOMA-Script package (KOMA-Script-dependent b
asics and keyval usage)

(C:\Users\Dom\AppData\Roaming\MiKTeX\2.9\tex/latex/koma-script\scrbase.sty
Package: scrbase 2019/10/12 v3.27 KOMA-Script package (KOMA-Script-independent 
basics and keyval usage)

("C:\Program Files\MiKTeX 2.9\tex/latex/graphics\keyval.sty"
Package: keyval 2014/10/28 v1.15 key=value parser (DPC)
\KV@toks@=\toks14
)
(C:\Users\Dom\AppData\Roaming\MiKTeX\2.9\tex/latex/koma-script\scrlfile.sty
Package: scrlfile 2019/10/12 v3.27 KOMA-Script package (loading files)
)))
(C:\Users\Dom\AppData\Roaming\MiKTeX\2.9\tex/latex/koma-script\tocbasic.sty
Package: tocbasic 2019/10/12 v3.27 KOMA-Script package (handling toc-files)
\scr@dte@tocline@numberwidth=\skip41
\scr@dte@tocline@numbox=\box27
)
Package tocbasic Info: omitting babel extension for `toc'
(tocbasic)             because of feature `nobabel' available
(tocbasic)             for `toc' on input line 137.
Package scrbook Info: You've used standard option `10pt'.
(scrbook)             This is correct!
(scrbook)             Internally I'm using `fontsize=10pt'.
(scrbook)             If you'd like to set the option with \KOMAoptions,
(scrbook)             you'd have to use `fontsize=10pt' there
(scrbook)             instead of `10pt', too.
Class scrbook Info: File `scrsize10pt.clo' used to setup font sizes on input li
ne 2420.

(C:\Users\Dom\AppData\Roaming\MiKTeX\2.9\tex/latex/koma-script\scrsize10pt.clo
File: scrsize10pt.clo 2019/10/12 v3.27 KOMA-Script font size class option (10pt
)
) (C:\Users\Dom\AppData\Roaming\MiKTeX\2.9\tex/latex/koma-script\typearea.sty
Package: typearea 2019/10/12 v3.27 KOMA-Script package (type area)
\ta@bcor=\skip42
\ta@div=\count80
\ta@hblk=\skip43
\ta@vblk=\skip44
\ta@temp=\skip45
\footheight=\skip46
Package typearea Info: These are the values describing the layout:
(typearea)             DIV  = 8
(typearea)             BCOR = 0.0pt
(typearea)             \paperwidth      = 597.50793pt
(typearea)              \textwidth      = 373.44246pt
(typearea)              DIV departure   = -4%
(typearea)              \evensidemargin = 39.76274pt
(typearea)              \oddsidemargin  = 39.76274pt
(typearea)             \paperheight     = 845.04694pt
(typearea)              \textheight     = 454.0pt
(typearea)              \topmargin      = 33.36087pt
(typearea)              \headheight     = 15.0pt
(typearea)              \headsep        = 18.0pt
(typearea)              \topskip        = 10.0pt
(typearea)              \footskip       = 42.0pt
(typearea)              \baselineskip   = 12.0pt
(typearea)              on input line 1716.
)
\c@part=\count81
\c@chapter=\count82
\c@section=\count83
\c@subsection=\count84
\c@subsubsection=\count85
\c@paragraph=\count86
\c@subparagraph=\count87
\scr@dte@chapter@maxnumwidth=\skip47
Class scrbook Info: using compatibility default `afterindent=bysign'
(scrbook)           for `\chapter on input line 5521.
\scr@dte@section@maxnumwidth=\skip48
Class scrbook Info: using compatibility default `runin=bysign'
(scrbook)           for `\section on input line 5531.
Class scrbook Info: using compatibility default `afterindent=bysign'
(scrbook)           for `\section on input line 5531.
\scr@dte@part@maxnumwidth=\skip49
Class scrbook Info: using compatibility default `afterindent=true'
(scrbook)           for `\part on input line 5540.
\scr@dte@subsection@maxnumwidth=\skip50
Class scrbook Info: using compatibility default `runin=bysign'
(scrbook)           for `\subsection on input line 5550.
Class scrbook Info: using compatibility default `afterindent=bysign'
(scrbook)           for `\subsection on input line 5550.
\scr@dte@subsubsection@maxnumwidth=\skip51
Class scrbook Info: using compatibility default `runin=bysign'
(scrbook)           for `\subsubsection on input line 5560.
Class scrbook Info: using compatibility default `afterindent=bysign'
(scrbook)           for `\subsubsection on input line 5560.
\scr@dte@paragraph@maxnumwidth=\skip52
Class scrbook Info: using compatibility default `runin=bysign'
(scrbook)           for `\paragraph on input line 5570.
Class scrbook Info: using compatibility default `afterindent=bysign'
(scrbook)           for `\paragraph on input line 5570.
\scr@dte@subparagraph@maxnumwidth=\skip53
Class scrbook Info: using compatibility default `runin=bysign'
(scrbook)           for `\subparagraph on input line 5580.
Class scrbook Info: using compatibility default `afterindent=bysign'
(scrbook)           for `\subparagraph on input line 5580.
\abovecaptionskip=\skip54
\belowcaptionskip=\skip55
\c@pti@nb@sid@b@x=\box28
Package tocbasic Info: omitting babel extension for `lof'
(tocbasic)             because of feature `nobabel' available
(tocbasic)             for `lof' on input line 6810.
\scr@dte@figure@maxnumwidth=\skip56
\c@figure=\count88
Package tocbasic Info: omitting babel extension for `lot'
(tocbasic)             because of feature `nobabel' available
(tocbasic)             for `lot' on input line 6831.
\scr@dte@table@maxnumwidth=\skip57
\c@table=\count89
Class scrbook Info: Redefining `\numberline' on input line 7004.
\bibindent=\dimen102
)
(classicthesis.sty
Package: classicthesis 2012/08/12 v4.1 Typographic style for a classic-looking 
thesis
 ("C:\Program Files\MiKTeX 2.9\tex/latex/base\ifthen.sty"
Package: ifthen 2014/09/29 v1.1c Standard LaTeX ifthen package (DPC)
)
("C:\Program Files\MiKTeX 2.9\tex/generic/iftex\ifpdf.sty"
Package: ifpdf 2019/10/25 v3.4 ifpdf legacy package. Use iftex instead.

("C:\Program Files\MiKTeX 2.9\tex/generic/iftex\iftex.sty"
Package: iftex 2019/11/07 v1.0c TeX engine tests
))
("C:\Program Files\MiKTeX 2.9\tex/latex/hyperref\hyperref.sty"
Package: hyperref 2019/11/10 v7.00c Hypertext links for LaTeX

(C:\Users\Dom\AppData\Roaming\MiKTeX\2.9\tex/generic/ltxcmds\ltxcmds.sty
Package: ltxcmds 2019/12/15 v1.24 LaTeX kernel commands for general use (HO)
)
("C:\Program Files\MiKTeX 2.9\tex/latex/pdftexcmds\pdftexcmds.sty"
Package: pdftexcmds 2019/11/24 v0.31 Utility functions of pdfTeX for LuaTeX (HO
)

(C:\Users\Dom\AppData\Roaming\MiKTeX\2.9\tex/generic/infwarerr\infwarerr.sty
Package: infwarerr 2019/12/03 v1.5 Providing info/warning/error messages (HO)
)
Package pdftexcmds Info: \pdf@primitive is available.
Package pdftexcmds Info: \pdf@ifprimitive is available.
Package pdftexcmds Info: \pdfdraftmode found.
)
(C:\Users\Dom\AppData\Roaming\MiKTeX\2.9\tex/generic/kvsetkeys\kvsetkeys.sty
Package: kvsetkeys 2019/12/15 v1.18 Key value parser (HO)
)
(C:\Users\Dom\AppData\Roaming\MiKTeX\2.9\tex/generic/kvdefinekeys\kvdefinekeys.
sty
Package: kvdefinekeys 2019-12-19 v1.6 Define keys (HO)
)
(C:\Users\Dom\AppData\Roaming\MiKTeX\2.9\tex/generic/pdfescape\pdfescape.sty
Package: pdfescape 2019/12/09 v1.15 Implements pdfTeX's escape features (HO)
)
(C:\Users\Dom\AppData\Roaming\MiKTeX\2.9\tex/latex/hycolor\hycolor.sty
Package: hycolor 2019/12/15 v1.9 Color options for hyperref/bookmark (HO)

(C:\Users\Dom\AppData\Roaming\MiKTeX\2.9\tex/latex/hycolor\xcolor-patch.sty
Package: xcolor-patch 2019/12/15 xcolor patch

("C:\Program Files\MiKTeX 2.9\tex/latex/oberdiek\hopatch.sty"
Package: hopatch 2016/05/16 v1.3 Wrapper for package hooks (HO)
)))
(C:\Users\Dom\AppData\Roaming\MiKTeX\2.9\tex/latex/letltxmacro\letltxmacro.sty
Package: letltxmacro 2019/12/03 v1.6 Let assignment for LaTeX macros (HO)
) (C:\Users\Dom\AppData\Roaming\MiKTeX\2.9\tex/latex/auxhook\auxhook.sty
Package: auxhook 2019-12-17 v1.6 Hooks for auxiliary files (HO)
)
(C:\Users\Dom\AppData\Roaming\MiKTeX\2.9\tex/latex/kvoptions\kvoptions.sty
Package: kvoptions 2019/11/29 v3.13 Key value format for package options (HO)
)
\@linkdim=\dimen103
\Hy@linkcounter=\count90
\Hy@pagecounter=\count91

("C:\Program Files\MiKTeX 2.9\tex/latex/hyperref\pd1enc.def"
File: pd1enc.def 2019/11/10 v7.00c Hyperref: PDFDocEncoding definition (HO)
Now handling font encoding PD1 ...
... no UTF-8 mapping file for font encoding PD1
)
(C:\Users\Dom\AppData\Roaming\MiKTeX\2.9\tex/generic/intcalc\intcalc.sty
Package: intcalc 2019/12/15 v1.3 Expandable calculations with integers (HO)
)
(C:\Users\Dom\AppData\Roaming\MiKTeX\2.9\tex/generic/etexcmds\etexcmds.sty
Package: etexcmds 2019/12/15 v1.7 Avoid name clashes with e-TeX commands (HO)
)
\Hy@SavedSpaceFactor=\count92

("C:\Program Files\MiKTeX 2.9\tex/latex/00miktex\hyperref.cfg"
File: hyperref.cfg 2002/06/06 v1.2 hyperref configuration of TeXLive
)
Package hyperref Info: Hyper figures OFF on input line 4535.
Package hyperref Info: Link nesting OFF on input line 4540.
Package hyperref Info: Hyper index ON on input line 4543.
Package hyperref Info: Plain pages OFF on input line 4550.
Package hyperref Info: Backreferencing OFF on input line 4555.
Package hyperref Info: Implicit mode ON; LaTeX internals redefined.
Package hyperref Info: Bookmarks ON on input line 4788.
\c@Hy@tempcnt=\count93

("C:\Program Files\MiKTeX 2.9\tex/latex/url\url.sty"
\Urlmuskip=\muskip10
Package: url 2013/09/16  ver 3.4  Verb mode for urls, etc.
)
LaTeX Info: Redefining \url on input line 5147.
\XeTeXLinkMargin=\dimen104

(C:\Users\Dom\AppData\Roaming\MiKTeX\2.9\tex/generic/bitset\bitset.sty
Package: bitset 2019/12/09 v1.3 Handle bit-vector datatype (HO)

(C:\Users\Dom\AppData\Roaming\MiKTeX\2.9\tex/generic/bigintcalc\bigintcalc.sty
Package: bigintcalc 2019/12/15 v1.5 Expandable calculations on big integers (HO
)
))
\Fld@menulength=\count94
\Field@Width=\dimen105
\Fld@charsize=\dimen106
Package hyperref Info: Hyper figures OFF on input line 6418.
Package hyperref Info: Link nesting OFF on input line 6423.
Package hyperref Info: Hyper index ON on input line 6426.
Package hyperref Info: backreferencing OFF on input line 6433.
Package hyperref Info: Link coloring OFF on input line 6438.
Package hyperref Info: Link coloring with OCG OFF on input line 6443.
Package hyperref Info: PDF/A mode OFF on input line 6448.
LaTeX Info: Redefining \ref on input line 6488.
LaTeX Info: Redefining \pageref on input line 6492.
 (C:\Users\Dom\AppData\Roaming\MiKTeX\2.9\tex/generic/atbegshi\atbegshi.sty
Package: atbegshi 2019/12/05 v1.19 At begin shipout hook (HO)
)
\Hy@abspage=\count95
\c@Item=\count96
\c@Hfootnote=\count97
)
Package hyperref Info: Driver (autodetected): hpdftex.

("C:\Program Files\MiKTeX 2.9\tex/latex/hyperref\hpdftex.def"
File: hpdftex.def 2019/11/10 v7.00c Hyperref driver for pdfTeX

(C:\Users\Dom\AppData\Roaming\MiKTeX\2.9\tex/latex/atveryend\atveryend.sty
Package: atveryend 2019-12-11 v1.11 Hooks at the very end of document (HO)
Package atveryend Info: \enddocument detected (standard20110627).
)
\Fld@listcount=\count98
\c@bookmark@seq@number=\count99

(C:\Users\Dom\AppData\Roaming\MiKTeX\2.9\tex/latex/rerunfilecheck\rerunfilechec
k.sty
Package: rerunfilecheck 2019/12/05 v1.9 Rerun checks for auxiliary files (HO)

(C:\Users\Dom\AppData\Roaming\MiKTeX\2.9\tex/generic/uniquecounter\uniquecounte
r.sty
Package: uniquecounter 2019/12/15 v1.4 Provide unlimited unique counter (HO)
)
Package uniquecounter Info: New unique counter `rerunfilecheck' on input line 2
86.
)
\Hy@SectionHShift=\skip58
) ("C:\Program Files\MiKTeX 2.9\tex/generic/iftex\ifxetex.sty"
Package: ifxetex 2019/10/25 v0.7 ifxetex legacy package. Use iftex instead.
)
("C:\Program Files\MiKTeX 2.9\tex/latex/xcolor\xcolor.sty"
Package: xcolor 2016/05/11 v2.12 LaTeX color extensions (UK)

("C:\Program Files\MiKTeX 2.9\tex/latex/graphics-cfg\color.cfg"
File: color.cfg 2016/01/02 v1.6 sample color configuration
)
Package xcolor Info: Driver file: pdftex.def on input line 225.

("C:\Program Files\MiKTeX 2.9\tex/latex/graphics-def\pdftex.def"
File: pdftex.def 2018/01/08 v1.0l Graphics/color driver for pdftex
)
Package xcolor Info: Model `cmy' substituted by `cmy0' on input line 1348.
Package xcolor Info: Model `hsb' substituted by `rgb' on input line 1352.
Package xcolor Info: Model `RGB' extended on input line 1364.
Package xcolor Info: Model `HTML' substituted by `rgb' on input line 1366.
Package xcolor Info: Model `Hsb' substituted by `hsb' on input line 1367.
Package xcolor Info: Model `tHsb' substituted by `hsb' on input line 1368.
Package xcolor Info: Model `HSB' substituted by `hsb' on input line 1369.
Package xcolor Info: Model `Gray' substituted by `gray' on input line 1370.
Package xcolor Info: Model `wave' substituted by `hsb' on input line 1371.

("C:\Program Files\MiKTeX 2.9\tex/latex/graphics\dvipsnam.def"
File: dvipsnam.def 2016/06/17 v3.0m Driver-dependent file (DPC,SPQR)
))
(C:\Users\Dom\AppData\Roaming\MiKTeX\2.9\tex/latex/psnfss\mathpazo.sty
Package: mathpazo 2005/04/12 PSNFSS-v9.2a Palatino w/ Pazo Math (D.Puga, WaS) 
\symupright=\mathgroup4
)
(C:\Users\Dom\AppData\Roaming\MiKTeX\2.9\tex/latex/microtype\microtype.sty
Package: microtype 2019/11/18 v2.7d Micro-typographical refinements (RS)
\MT@toks=\toks15
\MT@count=\count100
LaTeX Info: Redefining \textls on input line 790.
\MT@outer@kern=\dimen107
LaTeX Info: Redefining \textmicrotypecontext on input line 1354.
\MT@listname@count=\count101

(C:\Users\Dom\AppData\Roaming\MiKTeX\2.9\tex/latex/microtype\microtype-pdftex.d
ef
File: microtype-pdftex.def 2019/11/18 v2.7d Definitions specific to pdftex (RS)

LaTeX Info: Redefining \lsstyle on input line 914.
LaTeX Info: Redefining \lslig on input line 914.
\MT@outer@space=\skip59
)
Package microtype Info: Loading configuration file microtype.cfg.
 (C:\Users\Dom\AppData\Roaming\MiKTeX\2.9\tex/latex/microtype\microtype.cfg
File: microtype.cfg 2019/11/18 v2.7d microtype main configuration file (RS)
))
Package classicthesis Info: A4 paper, Palatino or other on input line 270.
Package typearea Info: These are the values describing the layout:
(typearea)             DIV  = areaset
(typearea)             BCOR = 0.0pt
(typearea)             \paperwidth      = 597.50793pt
(typearea)              \textwidth      = 453.0pt
(typearea)              \evensidemargin = -0.01602pt
(typearea)              \oddsidemargin  = -0.01602pt
(typearea)             \paperheight     = 845.04694pt
(typearea)              \textheight     = 675.0pt
(typearea)              \topmargin      = -40.58768pt
(typearea)              \headheight     = 15.0pt
(typearea)              \headsep        = 18.0pt
(typearea)              \topskip        = 10.0pt
(typearea)              \footskip       = 42.0pt
(typearea)              \baselineskip   = 12.0pt
(typearea)              on input line 270.
 (C:\Users\Dom\AppData\Roaming\MiKTeX\2.9\tex/latex/booktabs\booktabs.sty
Package: booktabs 2019/10/08 v1.6180339 publication quality tables
\heavyrulewidth=\dimen108
\lightrulewidth=\dimen109
\cmidrulewidth=\dimen110
\belowrulesep=\dimen111
\belowbottomsep=\dimen112
\aboverulesep=\dimen113
\abovetopsep=\dimen114
\cmidrulesep=\dimen115
\cmidrulekern=\dimen116
\defaultaddspace=\dimen117
\@cmidla=\count102
\@cmidlb=\count103
\@aboverulesep=\dimen118
\@belowrulesep=\dimen119
\@thisruleclass=\count104
\@lastruleclass=\count105
\@thisrulewidth=\dimen120
)
(C:\Users\Dom\AppData\Roaming\MiKTeX\2.9\tex/latex/textcase\textcase.sty
Package: textcase 2019/09/14 v1.00 Text only upper/lower case changing (DPC)
)
Package classicthesis Info: Using pdftex/microtype for character spacing.Make s
ure your pdftex is version 1.40 or higher. on input line 342.

(C:\Users\Dom\AppData\Roaming\MiKTeX\2.9\tex/latex/koma-script\scrpage2.sty
Package: scrpage2 2019/10/12 v3.27 KOMA-Script package (page head and foot)


Package scrpage2 Warning: usage of obsolete package!
(scrpage2)                Package `scrpage2' is obsolete.
(scrpage2)                You should not longer use package `scrpage2'.
(scrpage2)                You should replace usage of package `scrpage2'
(scrpage2)                by `scrlayer-scrpage' on input line 52.

LaTeX Info: Redefining \pagemark on input line 180.
) (C:\Users\Dom\AppData\Roaming\MiKTeX\2.9\tex/latex/titlesec\titlesec.sty
Package: titlesec 2019/10/16 v2.13 Sectioning titles
\ttl@box=\box29
\beforetitleunit=\skip60
\aftertitleunit=\skip61
\ttl@plus=\dimen121
\ttl@minus=\dimen122
\ttl@toksa=\toks16
\titlewidth=\dimen123
\titlewidthlast=\dimen124
\titlewidthfirst=\dimen125


Package titlesec Warning: Non standard sectioning command \section
(titlesec)                detected. Using default spacing and no format.


Package titlesec Warning: Non standard sectioning command \subsection
(titlesec)                detected. Using default spacing and no format.


Package titlesec Warning: Non standard sectioning command \subsubsection
(titlesec)                detected. Using default spacing and no format.


Package titlesec Warning: Non standard sectioning command \paragraph
(titlesec)                detected. Using default spacing and no format.


Package titlesec Warning: Non standard sectioning command \subparagraph
(titlesec)                detected. Using default spacing and no format.

)
Class scrbook Info: Unknown `titesec' release.
(scrbook)           Cross your fingers, that is compatible on input line 373.


Class scrbook Warning: Usage of package `tocloft' together
(scrbook)              with a KOMA-Script class is not recommended.
(scrbook)              I'd suggest to use options like `listof=entryprefix',
(scrbook)              commands like `\listoflofentryname' or
(scrbook)              `\listoflotentryname', and `\DeclareTOCStyleEntry' or
(scrbook)              `\RedeclareSectionCommand' instead of this package,
(scrbook)              because it breaks several KOMA-Script features of
(scrbook)              the list of figures, list of tables and table of
(scrbook)              contents, i.e., options like `listof=numbered',
(scrbook)              `listof=flat or `toc=flat', commands like
(scrbook)              `\BeforeTOCHead{...}' and `\AfterTOCHead{...}',
(scrbook)              `\BeforeStartingTOC{...}' and \AfterStartingTOC{...}',
(scrbook)              all features of `\DeclareTOCStyleEntry',
(scrbook)              and the ToC entry features of `\DeclareSecionCommand'
(scrbook)              and `\RedeclareSectionCommand' of levels
(scrbook)              `part', `section', `subsection',
(scrbook)              `subsubsection', `paragraph' and `subparagraph'.
(scrbook)              Nevertheless, using requested
(scrbook)              package `tocloft' on input line 422.

(C:\Users\Dom\AppData\Roaming\MiKTeX\2.9\tex/latex/tocloft\tocloft.sty
Package: tocloft 2017/08/31 v2.3i parameterised ToC, etc., typesetting
Package tocloft Info: The document has chapter divisions on input line 51.
\cftparskip=\skip62
\cftbeforetoctitleskip=\skip63
\cftaftertoctitleskip=\skip64
\cftbeforepartskip=\skip65
\cftpartnumwidth=\skip66
\cftpartindent=\skip67
\cftbeforechapskip=\skip68
\cftchapindent=\skip69
\cftchapnumwidth=\skip70
\cftbeforesecskip=\skip71
\cftsecindent=\skip72
\cftsecnumwidth=\skip73
\cftbeforesubsecskip=\skip74
\cftsubsecindent=\skip75
\cftsubsecnumwidth=\skip76
\cftbeforesubsubsecskip=\skip77
\cftsubsubsecindent=\skip78
\cftsubsubsecnumwidth=\skip79
\cftbeforeparaskip=\skip80
\cftparaindent=\skip81
\cftparanumwidth=\skip82
\cftbeforesubparaskip=\skip83
\cftsubparaindent=\skip84
\cftsubparanumwidth=\skip85
\cftbeforeloftitleskip=\skip86
\cftafterloftitleskip=\skip87
\cftbeforefigskip=\skip88
\cftfigindent=\skip89
\cftfignumwidth=\skip90
\c@lofdepth=\count106
\c@lotdepth=\count107
\cftbeforelottitleskip=\skip91
\cftafterlottitleskip=\skip92
\cftbeforetabskip=\skip93
\cfttabindent=\skip94
\cfttabnumwidth=\skip95
)
\newnumberwidth=\skip96
\beforebibskip=\skip97
\newchnumberwidth=\skip98
\figurelabelwidth=\skip99
\tablelabelwidth=\skip100

Using KOMA-command "deffootnote" for footnote setup
(C:\Users\Dom\AppData\Roaming\MiKTeX\2.9\tex/latex/koma-script\scrtime.sty
Package: scrtime 2019/10/12 v3.27 KOMA-Script package (time of LaTeX run)
))
("C:\Program Files\MiKTeX 2.9\tex/latex/amsmath\amsmath.sty"
Package: amsmath 2019/11/16 v2.17d AMS math features
\@mathmargin=\skip101

For additional information on amsmath, use the `?' option.
("C:\Program Files\MiKTeX 2.9\tex/latex/amsmath\amstext.sty"
Package: amstext 2000/06/29 v2.01 AMS text

("C:\Program Files\MiKTeX 2.9\tex/latex/amsmath\amsgen.sty"
File: amsgen.sty 1999/11/30 v2.0 generic functions
\@emptytoks=\toks17
\ex@=\dimen126
))
("C:\Program Files\MiKTeX 2.9\tex/latex/amsmath\amsbsy.sty"
Package: amsbsy 1999/11/29 v1.2d Bold Symbols
\pmbraise@=\dimen127
)
("C:\Program Files\MiKTeX 2.9\tex/latex/amsmath\amsopn.sty"
Package: amsopn 2016/03/08 v2.02 operator names
)
\inf@bad=\count108
LaTeX Info: Redefining \frac on input line 227.
\uproot@=\count109
\leftroot@=\count110
LaTeX Info: Redefining \overline on input line 389.
\classnum@=\count111
\DOTSCASE@=\count112
LaTeX Info: Redefining \ldots on input line 486.
LaTeX Info: Redefining \dots on input line 489.
LaTeX Info: Redefining \cdots on input line 610.
\Mathstrutbox@=\box30
\strutbox@=\box31
\big@size=\dimen128
LaTeX Font Info:    Redeclaring font encoding OML on input line 733.
LaTeX Font Info:    Redeclaring font encoding OMS on input line 734.
\macc@depth=\count113
\c@MaxMatrixCols=\count114
\dotsspace@=\muskip11
\c@parentequation=\count115
\dspbrk@lvl=\count116
\tag@help=\toks18
\row@=\count117
\column@=\count118
\maxfields@=\count119
\andhelp@=\toks19
\eqnshift@=\dimen129
\alignsep@=\dimen130
\tagshift@=\dimen131
\tagwidth@=\dimen132
\totwidth@=\dimen133
\lineht@=\dimen134
\@envbody=\toks20
\multlinegap=\skip102
\multlinetaggap=\skip103
\mathdisplay@stack=\toks21
LaTeX Info: Redefining \[ on input line 2858.
LaTeX Info: Redefining \] on input line 2859.
)
("C:\Program Files\MiKTeX 2.9\tex/latex/base\fixltx2e.sty"
Package: fixltx2e 2016/12/29 v2.1a fixes to LaTeX (obsolete)
Applying: [2015/01/01] Old fixltx2e package on input line 46.


Package fixltx2e Warning: fixltx2e is not required with releases after 2015
(fixltx2e)                All fixes are now in the LaTeX kernel.
(fixltx2e)                See the latexrelease package for details.

Already applied: [0000/00/00] Old fixltx2e package on input line 53.
) ("C:\Program Files\MiKTeX 2.9\tex/latex/graphics\graphicx.sty"
Package: graphicx 2017/06/01 v1.1a Enhanced LaTeX Graphics (DPC,SPQR)

("C:\Program Files\MiKTeX 2.9\tex/latex/graphics\graphics.sty"
Package: graphics 2019/11/01 v1.3d Standard LaTeX Graphics (DPC,SPQR)

("C:\Program Files\MiKTeX 2.9\tex/latex/graphics\trig.sty"
Package: trig 2016/01/03 v1.10 sin cos tan (DPC)
)
("C:\Program Files\MiKTeX 2.9\tex/latex/graphics-cfg\graphics.cfg"
File: graphics.cfg 2016/06/04 v1.11 sample graphics configuration
)
Package graphics Info: Driver file: pdftex.def on input line 105.
)
\Gin@req@height=\dimen135
\Gin@req@width=\dimen136
)
("C:\Program Files\MiKTeX 2.9\tex/latex/epstopdf-pkg\epstopdf.sty"
Package: epstopdf 2019-12-09 v2.10 Conversion with epstopdf on the fly (HO)

(C:\Users\Dom\AppData\Roaming\MiKTeX\2.9\tex/latex/grfext\grfext.sty
Package: grfext 2019/12/03 v1.3 Manage graphics extensions (HO)
)
("C:\Program Files\MiKTeX 2.9\tex/latex/epstopdf-pkg\epstopdf-base.sty"
Package: epstopdf-base 2019-12-09 v2.10 Base part for package epstopdf
Package epstopdf-base Info: Redefining graphics rule for `.eps' on input line 4
85.
Package grfext Info: Graphics extension search list:
(grfext)             [.pdf,.jpeg,.jpg,.png,.tif,.eps]
(grfext)             \AppendGraphicsExtensions on input line 504.
))
("C:\Program Files\MiKTeX 2.9\tex/latex/tools\indentfirst.sty"
Package: indentfirst 1995/11/23 v1.03 Indent first paragraph (DPC)
)
(C:\Users\Dom\AppData\Roaming\MiKTeX\2.9\tex/latex/setspace\setspace.sty
Package: setspace 2011/12/19 v6.7a set line spacing
)
("C:\Program Files\MiKTeX 2.9\tex/latex/base\fontenc.sty"
Package: fontenc 2018/08/11 v2.0j Standard LaTeX package

("C:\Program Files\MiKTeX 2.9\tex/latex/base\t1enc.def"
File: t1enc.def 2018/08/11 v2.0j Standard LaTeX file
LaTeX Font Info:    Redeclaring font encoding T1 on input line 48.
))
(C:\Users\Dom\AppData\Roaming\MiKTeX\2.9\tex/generic/babel\babel.sty
Package: babel 2019/12/08 3.37 The Babel package

(C:\Users\Dom\AppData\Roaming\MiKTeX\2.9\tex/generic/babel\switch.def
File: switch.def 2019/12/08 3.37 Babel switching mechanism
)
*************************************
* Local config file bblopts.cfg used
*
("C:\Program Files\MiKTeX 2.9\tex/latex/arabi\bblopts.cfg"
File: bblopts.cfg 2005/09/08 v0.1 add Arabic and Farsi to "declared" options of
 babel
)
(C:\Users\Dom\AppData\Roaming\MiKTeX\2.9\tex/latex/babel-portuges\portuges.ldf
Language: portuges 2008/03/18 v1.2q Portuguese support from the babel system

(C:\Users\Dom\AppData\Roaming\MiKTeX\2.9\tex/generic/babel\babel.def
File: babel.def 2019/12/08 3.37 Babel common definitions
\babel@savecnt=\count120
\U@D=\dimen137

(C:\Users\Dom\AppData\Roaming\MiKTeX\2.9\tex/generic/babel\txtbabel.def)
\bbl@dirlevel=\count121
)
Package babel Info: Making " an active character on input line 145.
)
(C:\Users\Dom\AppData\Roaming\MiKTeX\2.9\tex/latex/babel-italian\italian.ldf
Language: italian 2019/11/16 v.1.4.03 Italian support for the babel system
\it@lettering=\count122
\it@doublequoteactive=\count123
\it@ISOcompliance=\count124
)
(C:\Users\Dom\AppData\Roaming\MiKTeX\2.9\tex/latex/babel-russian\russianb.ldf
Language: russian 2017/08/12 1.3j Russian support for the Babel system


Package babel Warning: No Cyrillic font encoding has been loaded so far.
(babel)                A font encoding should be declared before babel.
(babel)                Default `T2A' encoding will be loaded  on input line 74.


(C:\Users\Dom\AppData\Roaming\MiKTeX\2.9\tex/latex/cyrillic\t2aenc.def
File: t2aenc.def 2005/09/27 v1.0i Cyrillic encoding definition file
Now handling font encoding T2A ...
... processing UTF-8 mapping file for font encoding T2A

("C:\Program Files\MiKTeX 2.9\tex/latex/base\t2aenc.dfu"
File: t2aenc.dfu 2019/07/11 v1.2j UTF-8 support for inputenc
   defining Unicode char U+00A4 (decimal 164)
   defining Unicode char U+00A7 (decimal 167)
   defining Unicode char U+00AB (decimal 171)
   defining Unicode char U+00BB (decimal 187)
   defining Unicode char U+0131 (decimal 305)
   defining Unicode char U+0237 (decimal 567)
   defining Unicode char U+0400 (decimal 1024)
   defining Unicode char U+0401 (decimal 1025)
   defining Unicode char U+0402 (decimal 1026)
   defining Unicode char U+0403 (decimal 1027)
   defining Unicode char U+0404 (decimal 1028)
   defining Unicode char U+0405 (decimal 1029)
   defining Unicode char U+0406 (decimal 1030)
   defining Unicode char U+0407 (decimal 1031)
   defining Unicode char U+0408 (decimal 1032)
   defining Unicode char U+0409 (decimal 1033)
   defining Unicode char U+040A (decimal 1034)
   defining Unicode char U+040B (decimal 1035)
   defining Unicode char U+040C (decimal 1036)
   defining Unicode char U+040D (decimal 1037)
   defining Unicode char U+040E (decimal 1038)
   defining Unicode char U+040F (decimal 1039)
   defining Unicode char U+0410 (decimal 1040)
   defining Unicode char U+0411 (decimal 1041)
   defining Unicode char U+0412 (decimal 1042)
   defining Unicode char U+0413 (decimal 1043)
   defining Unicode char U+0414 (decimal 1044)
   defining Unicode char U+0415 (decimal 1045)
   defining Unicode char U+0416 (decimal 1046)
   defining Unicode char U+0417 (decimal 1047)
   defining Unicode char U+0418 (decimal 1048)
   defining Unicode char U+0419 (decimal 1049)
   defining Unicode char U+041A (decimal 1050)
   defining Unicode char U+041B (decimal 1051)
   defining Unicode char U+041C (decimal 1052)
   defining Unicode char U+041D (decimal 1053)
   defining Unicode char U+041E (decimal 1054)
   defining Unicode char U+041F (decimal 1055)
   defining Unicode char U+0420 (decimal 1056)
   defining Unicode char U+0421 (decimal 1057)
   defining Unicode char U+0422 (decimal 1058)
   defining Unicode char U+0423 (decimal 1059)
   defining Unicode char U+0424 (decimal 1060)
   defining Unicode char U+0425 (decimal 1061)
   defining Unicode char U+0426 (decimal 1062)
   defining Unicode char U+0427 (decimal 1063)
   defining Unicode char U+0428 (decimal 1064)
   defining Unicode char U+0429 (decimal 1065)
   defining Unicode char U+042A (decimal 1066)
   defining Unicode char U+042B (decimal 1067)
   defining Unicode char U+042C (decimal 1068)
   defining Unicode char U+042D (decimal 1069)
   defining Unicode char U+042E (decimal 1070)
   defining Unicode char U+042F (decimal 1071)
   defining Unicode char U+0430 (decimal 1072)
   defining Unicode char U+0431 (decimal 1073)
   defining Unicode char U+0432 (decimal 1074)
   defining Unicode char U+0433 (decimal 1075)
   defining Unicode char U+0434 (decimal 1076)
   defining Unicode char U+0435 (decimal 1077)
   defining Unicode char U+0436 (decimal 1078)
   defining Unicode char U+0437 (decimal 1079)
   defining Unicode char U+0438 (decimal 1080)
   defining Unicode char U+0439 (decimal 1081)
   defining Unicode char U+043A (decimal 1082)
   defining Unicode char U+043B (decimal 1083)
   defining Unicode char U+043C (decimal 1084)
   defining Unicode char U+043D (decimal 1085)
   defining Unicode char U+043E (decimal 1086)
   defining Unicode char U+043F (decimal 1087)
   defining Unicode char U+0440 (decimal 1088)
   defining Unicode char U+0441 (decimal 1089)
   defining Unicode char U+0442 (decimal 1090)
   defining Unicode char U+0443 (decimal 1091)
   defining Unicode char U+0444 (decimal 1092)
   defining Unicode char U+0445 (decimal 1093)
   defining Unicode char U+0446 (decimal 1094)
   defining Unicode char U+0447 (decimal 1095)
   defining Unicode char U+0448 (decimal 1096)
   defining Unicode char U+0449 (decimal 1097)
   defining Unicode char U+044A (decimal 1098)
   defining Unicode char U+044B (decimal 1099)
   defining Unicode char U+044C (decimal 1100)
   defining Unicode char U+044D (decimal 1101)
   defining Unicode char U+044E (decimal 1102)
   defining Unicode char U+044F (decimal 1103)
   defining Unicode char U+0450 (decimal 1104)
   defining Unicode char U+0451 (decimal 1105)
   defining Unicode char U+0452 (decimal 1106)
   defining Unicode char U+0453 (decimal 1107)
   defining Unicode char U+0454 (decimal 1108)
   defining Unicode char U+0455 (decimal 1109)
   defining Unicode char U+0456 (decimal 1110)
   defining Unicode char U+0457 (decimal 1111)
   defining Unicode char U+0458 (decimal 1112)
   defining Unicode char U+0459 (decimal 1113)
   defining Unicode char U+045A (decimal 1114)
   defining Unicode char U+045B (decimal 1115)
   defining Unicode char U+045C (decimal 1116)
   defining Unicode char U+045D (decimal 1117)
   defining Unicode char U+045E (decimal 1118)
   defining Unicode char U+045F (decimal 1119)
   defining Unicode char U+0490 (decimal 1168)
   defining Unicode char U+0491 (decimal 1169)
   defining Unicode char U+0492 (decimal 1170)
   defining Unicode char U+0493 (decimal 1171)
   defining Unicode char U+0496 (decimal 1174)
   defining Unicode char U+0497 (decimal 1175)
   defining Unicode char U+0498 (decimal 1176)
   defining Unicode char U+0499 (decimal 1177)
   defining Unicode char U+049A (decimal 1178)
   defining Unicode char U+049B (decimal 1179)
   defining Unicode char U+049C (decimal 1180)
   defining Unicode char U+049D (decimal 1181)
   defining Unicode char U+04A0 (decimal 1184)
   defining Unicode char U+04A1 (decimal 1185)
   defining Unicode char U+04A2 (decimal 1186)
   defining Unicode char U+04A3 (decimal 1187)
   defining Unicode char U+04A4 (decimal 1188)
   defining Unicode char U+04A5 (decimal 1189)
   defining Unicode char U+04AA (decimal 1194)
   defining Unicode char U+04AB (decimal 1195)
   defining Unicode char U+04AE (decimal 1198)
   defining Unicode char U+04AF (decimal 1199)
   defining Unicode char U+04B0 (decimal 1200)
   defining Unicode char U+04B1 (decimal 1201)
   defining Unicode char U+04B2 (decimal 1202)
   defining Unicode char U+04B3 (decimal 1203)
   defining Unicode char U+04B6 (decimal 1206)
   defining Unicode char U+04B7 (decimal 1207)
   defining Unicode char U+04B8 (decimal 1208)
   defining Unicode char U+04B9 (decimal 1209)
   defining Unicode char U+04BA (decimal 1210)
   defining Unicode char U+04BB (decimal 1211)
   defining Unicode char U+04C0 (decimal 1216)
   defining Unicode char U+04C1 (decimal 1217)
   defining Unicode char U+04C2 (decimal 1218)
   defining Unicode char U+04D0 (decimal 1232)
   defining Unicode char U+04D1 (decimal 1233)
   defining Unicode char U+04D2 (decimal 1234)
   defining Unicode char U+04D3 (decimal 1235)
   defining Unicode char U+04D4 (decimal 1236)
   defining Unicode char U+04D5 (decimal 1237)
   defining Unicode char U+04D6 (decimal 1238)
   defining Unicode char U+04D7 (decimal 1239)
   defining Unicode char U+04D8 (decimal 1240)
   defining Unicode char U+04D9 (decimal 1241)
   defining Unicode char U+04DA (decimal 1242)
   defining Unicode char U+04DB (decimal 1243)
   defining Unicode char U+04DC (decimal 1244)
   defining Unicode char U+04DD (decimal 1245)
   defining Unicode char U+04DE (decimal 1246)
   defining Unicode char U+04DF (decimal 1247)
   defining Unicode char U+04E2 (decimal 1250)
   defining Unicode char U+04E3 (decimal 1251)
   defining Unicode char U+04E4 (decimal 1252)
   defining Unicode char U+04E5 (decimal 1253)
   defining Unicode char U+04E6 (decimal 1254)
   defining Unicode char U+04E7 (decimal 1255)
   defining Unicode char U+04E8 (decimal 1256)
   defining Unicode char U+04E9 (decimal 1257)
   defining Unicode char U+04EC (decimal 1260)
   defining Unicode char U+04ED (decimal 1261)
   defining Unicode char U+04EE (decimal 1262)
   defining Unicode char U+04EF (decimal 1263)
   defining Unicode char U+04F0 (decimal 1264)
   defining Unicode char U+04F1 (decimal 1265)
   defining Unicode char U+04F2 (decimal 1266)
   defining Unicode char U+04F3 (decimal 1267)
   defining Unicode char U+04F4 (decimal 1268)
   defining Unicode char U+04F5 (decimal 1269)
   defining Unicode char U+04F8 (decimal 1272)
   defining Unicode char U+04F9 (decimal 1273)
   defining Unicode char U+200C (decimal 8204)
   defining Unicode char U+2013 (decimal 8211)
   defining Unicode char U+2014 (decimal 8212)
   defining Unicode char U+2018 (decimal 8216)
   defining Unicode char U+2019 (decimal 8217)
   defining Unicode char U+201C (decimal 8220)
   defining Unicode char U+201D (decimal 8221)
   defining Unicode char U+201E (decimal 8222)
   defining Unicode char U+2030 (decimal 8240)
   defining Unicode char U+2031 (decimal 8241)
   defining Unicode char U+2116 (decimal 8470)
   defining Unicode char U+2329 (decimal 9001)
   defining Unicode char U+232A (decimal 9002)
   defining Unicode char U+2423 (decimal 9251)
   defining Unicode char U+27E8 (decimal 10216)
   defining Unicode char U+27E9 (decimal 10217)
   defining Unicode char U+FB00 (decimal 64256)
   defining Unicode char U+FB01 (decimal 64257)
   defining Unicode char U+FB02 (decimal 64258)
   defining Unicode char U+FB03 (decimal 64259)
   defining Unicode char U+FB04 (decimal 64260)
   defining Unicode char U+FB05 (decimal 64261)
   defining Unicode char U+FB06 (decimal 64262)
))
Package babel Info: Default for \cyrdash is provided on input line 157.
)
("C:\Program Files\MiKTeX 2.9\tex/latex/babel-english\english.ldf"
Language: english 2017/06/06 v3.3r English support from the babel system
Package babel Info: \l@canadian = using hyphenrules for english
(babel)             (\language0) on input line 102.
Package babel Info: \l@australian = using hyphenrules for ukenglish
(babel)             (\language72) on input line 105.
Package babel Info: \l@newzealand = using hyphenrules for ukenglish
(babel)             (\language72) on input line 108.
))
("C:\Program Files\MiKTeX 2.9\tex/latex/etoolbox\etoolbox.sty"
Package: etoolbox 2019/09/21 v2.5h e-TeX tools for LaTeX (JAW)
\etb@tempcnta=\count125
)
(C:\Users\Dom\AppData\Roaming\MiKTeX\2.9\tex/latex/amscls\amsthm.sty
Package: amsthm 2017/10/31 v2.20.4
\thm@style=\toks22
\thm@bodyfont=\toks23
\thm@headfont=\toks24
\thm@notefont=\toks25
\thm@headpunct=\toks26
\thm@preskip=\skip104
\thm@postskip=\skip105
\thm@headsep=\skip106
\dth@everypar=\toks27
)
(C:\Users\Dom\AppData\Roaming\MiKTeX\2.9\tex/latex/xpatch\xpatch.sty
("C:\Program Files\MiKTeX 2.9\tex/latex/l3kernel\expl3.sty"
Package: expl3 2019-11-07 L3 programming layer (loader) 

("C:\Program Files\MiKTeX 2.9\tex/latex/l3kernel\expl3-code.tex"
Package: expl3 2019-11-07 L3 programming layer (code)
\c_max_int=\count126
\l_tmpa_int=\count127
\l_tmpb_int=\count128
\g_tmpa_int=\count129
\g_tmpb_int=\count130
\l__seq_internal_a_int=\count131
\l__seq_internal_b_int=\count132
\g__kernel_prg_map_int=\count133
\c__ior_term_noprompt_ior=\count134
\c_log_iow=\count135
\l_iow_line_count_int=\count136
\l__iow_line_target_int=\count137
\l__iow_one_indent_int=\count138
\l__iow_indent_int=\count139
\c_zero_dim=\dimen138
\c_max_dim=\dimen139
\l_tmpa_dim=\dimen140
\l_tmpb_dim=\dimen141
\g_tmpa_dim=\dimen142
\g_tmpb_dim=\dimen143
\c_zero_skip=\skip107
\c_max_skip=\skip108
\l_tmpa_skip=\skip109
\l_tmpb_skip=\skip110
\g_tmpa_skip=\skip111
\g_tmpb_skip=\skip112
\c_zero_muskip=\muskip12
\c_max_muskip=\muskip13
\l_tmpa_muskip=\muskip14
\l_tmpb_muskip=\muskip15
\g_tmpa_muskip=\muskip16
\g_tmpb_muskip=\muskip17
\l_keys_choice_int=\count140
\l__intarray_loop_int=\count141
\c__intarray_sp_dim=\dimen144
\g__intarray_font_int=\count142
\c__fp_leading_shift_int=\count143
\c__fp_middle_shift_int=\count144
\c__fp_trailing_shift_int=\count145
\c__fp_big_leading_shift_int=\count146
\c__fp_big_middle_shift_int=\count147
\c__fp_big_trailing_shift_int=\count148
\c__fp_Bigg_leading_shift_int=\count149
\c__fp_Bigg_middle_shift_int=\count150
\c__fp_Bigg_trailing_shift_int=\count151
\c__kernel_randint_max_int=\count152
\g__fp_array_int=\count153
\l__fp_array_loop_int=\count154
\l__sort_length_int=\count155
\l__sort_min_int=\count156
\l__sort_top_int=\count157
\l__sort_max_int=\count158
\l__sort_true_max_int=\count159
\l__sort_block_int=\count160
\l__sort_begin_int=\count161
\l__sort_end_int=\count162
\l__sort_A_int=\count163
\l__sort_B_int=\count164
\l__sort_C_int=\count165
\l__str_internal_int=\count166
\c__str_replacement_char_int=\count167
\l__tl_analysis_normal_int=\count168
\l__tl_analysis_index_int=\count169
\l__tl_analysis_nesting_int=\count170
\l__tl_analysis_type_int=\count171
\l__regex_internal_a_int=\count172
\l__regex_internal_b_int=\count173
\l__regex_internal_c_int=\count174
\l__regex_balance_int=\count175
\l__regex_group_level_int=\count176
\l__regex_mode_int=\count177
\c__regex_cs_in_class_mode_int=\count178
\c__regex_cs_mode_int=\count179
\l__regex_catcodes_int=\count180
\l__regex_default_catcodes_int=\count181
\c__regex_catcode_D_int=\count182
\c__regex_catcode_S_int=\count183
\c__regex_catcode_L_int=\count184
\c__regex_catcode_O_int=\count185
\c__regex_catcode_A_int=\count186
\c__regex_all_catcodes_int=\count187
\l__regex_show_lines_int=\count188
\l__regex_min_state_int=\count189
\l__regex_max_state_int=\count190
\l__regex_left_state_int=\count191
\l__regex_right_state_int=\count192
\l__regex_capturing_group_int=\count193
\l__regex_min_pos_int=\count194
\l__regex_max_pos_int=\count195
\l__regex_curr_pos_int=\count196
\l__regex_start_pos_int=\count197
\l__regex_success_pos_int=\count198
\l__regex_curr_char_int=\count199
\l__regex_curr_catcode_int=\count266
\l__regex_last_char_int=\count267
\l__regex_case_changed_char_int=\count268
\l__regex_curr_state_int=\count269
\l__regex_step_int=\count270
\l__regex_min_active_int=\count271
\l__regex_max_active_int=\count272
\l__regex_replacement_csnames_int=\count273
\l__regex_match_count_int=\count274
\l__regex_min_submatch_int=\count275
\l__regex_submatch_int=\count276
\l__regex_zeroth_submatch_int=\count277
\g__regex_trace_regex_int=\count278
\c_empty_box=\box32
\l_tmpa_box=\box33
\l_tmpb_box=\box34
\g_tmpa_box=\box35
\g_tmpb_box=\box36
\l__box_top_dim=\dimen145
\l__box_bottom_dim=\dimen146
\l__box_left_dim=\dimen147
\l__box_right_dim=\dimen148
\l__box_top_new_dim=\dimen149
\l__box_bottom_new_dim=\dimen150
\l__box_left_new_dim=\dimen151
\l__box_right_new_dim=\dimen152
\l__box_internal_box=\box37
\l__coffin_internal_box=\box38
\l__coffin_internal_dim=\dimen153
\l__coffin_offset_x_dim=\dimen154
\l__coffin_offset_y_dim=\dimen155
\l__coffin_x_dim=\dimen156
\l__coffin_y_dim=\dimen157
\l__coffin_x_prime_dim=\dimen158
\l__coffin_y_prime_dim=\dimen159
\c_empty_coffin=\box39
\l__coffin_aligned_coffin=\box40
\l__coffin_aligned_internal_coffin=\box41
\l_tmpa_coffin=\box42
\l_tmpb_coffin=\box43
\g_tmpa_coffin=\box44
\g_tmpb_coffin=\box45
\l__coffin_bounding_shift_dim=\dimen160
\l__coffin_left_corner_dim=\dimen161
\l__coffin_right_corner_dim=\dimen162
\l__coffin_bottom_corner_dim=\dimen163
\l__coffin_top_corner_dim=\dimen164
\l__coffin_scaled_total_height_dim=\dimen165
\l__coffin_scaled_width_dim=\dimen166
\c__coffin_empty_coffin=\box46
\l__coffin_display_coffin=\box47
\l__coffin_display_coord_coffin=\box48
\l__coffin_display_pole_coffin=\box49
\l__coffin_display_offset_dim=\dimen167
\l__coffin_display_x_dim=\dimen168
\l__coffin_display_y_dim=\dimen169
\g__char_data_ior=\read1

("C:\Program Files\MiKTeX 2.9\tex/latex/l3kernel\l3deprecation.def"
File: l3deprecation.def 2019-04-06 v L3 Deprecated functions
))
("C:\Program Files\MiKTeX 2.9\tex/latex/l3backend\l3backend-pdfmode.def"
File: l3backend-pdfmode.def 2019-04-06 L3 backend support: PDF mode
\l__kernel_color_stack_int=\count279
\l__pdf_internal_box=\box50
))
Package: xpatch 2012/10/02 v0.3 Extending etoolbox patching commands

("C:\Program Files\MiKTeX 2.9\tex/latex/l3packages/xparse\xparse.sty"
Package: xparse 2019-10-11 L3 Experimental document command parser
\l__xparse_current_arg_int=\count280
\g__xparse_grabber_int=\count281
\l__xparse_m_args_int=\count282
\l__xparse_v_nesting_int=\count283
))
Class scrbook Info: amsthm's \deferred@thm@head patched.

("C:\Program Files\MiKTeX 2.9\tex/latex/amsfonts\amssymb.sty"
Package: amssymb 2013/01/14 v3.01 AMS font symbols

("C:\Program Files\MiKTeX 2.9\tex/latex/amsfonts\amsfonts.sty"
Package: amsfonts 2013/01/14 v3.01 Basic AMSFonts support
\symAMSa=\mathgroup5
\symAMSb=\mathgroup6
LaTeX Font Info:    Redeclaring math symbol \hbar on input line 98.
LaTeX Font Info:    Overwriting math alphabet `\mathfrak' in version `bold'
(Font)                  U/euf/m/n --> U/euf/b/n on input line 106.
))
(C:\Users\Dom\AppData\Roaming\MiKTeX\2.9\tex/latex/circuitikz\circuitikz.sty
Package: circuitikz 2019/12/22{} The CircuiTikz circuit drawing package version
 1.0.0-pre1

(C:\Users\Dom\AppData\Roaming\MiKTeX\2.9\tex/latex/pgf/frontendlayer\tikz.sty
(C:\Users\Dom\AppData\Roaming\MiKTeX\2.9\tex/latex/pgf/basiclayer\pgf.sty
(C:\Users\Dom\AppData\Roaming\MiKTeX\2.9\tex/latex/pgf/utilities\pgfrcs.sty
(C:\Users\Dom\AppData\Roaming\MiKTeX\2.9\tex/generic/pgf/utilities\pgfutil-comm
on.tex
\pgfutil@everybye=\toks28
\pgfutil@tempdima=\dimen170
\pgfutil@tempdimb=\dimen171

(C:\Users\Dom\AppData\Roaming\MiKTeX\2.9\tex/generic/pgf/utilities\pgfutil-comm
on-lists.tex))
(C:\Users\Dom\AppData\Roaming\MiKTeX\2.9\tex/generic/pgf/utilities\pgfutil-late
x.def
\pgfutil@abb=\box51
 ("C:\Program Files\MiKTeX 2.9\tex/latex/ms\everyshi.sty"
Package: everyshi 2001/05/15 v3.00 EveryShipout Package (MS)
))
(C:\Users\Dom\AppData\Roaming\MiKTeX\2.9\tex/generic/pgf/utilities\pgfrcs.code.
tex (C:\Users\Dom\AppData\Roaming\MiKTeX\2.9\tex/generic/pgf\pgf.revision.tex)
Package: pgfrcs 2019/12/21 v3.1.5a (3.1.5a)
))
Package: pgf 2019/12/21 v3.1.5a (3.1.5a)
 (C:\Users\Dom\AppData\Roaming\MiKTeX\2.9\tex/latex/pgf/basiclayer\pgfcore.sty 
(C:\Users\Dom\AppData\Roaming\MiKTeX\2.9\tex/latex/pgf/systemlayer\pgfsys.sty
(C:\Users\Dom\AppData\Roaming\MiKTeX\2.9\tex/generic/pgf/systemlayer\pgfsys.cod
e.tex
Package: pgfsys 2019/12/21 v3.1.5a (3.1.5a)

(C:\Users\Dom\AppData\Roaming\MiKTeX\2.9\tex/generic/pgf/utilities\pgfkeys.code
.tex
\pgfkeys@pathtoks=\toks29
\pgfkeys@temptoks=\toks30

(C:\Users\Dom\AppData\Roaming\MiKTeX\2.9\tex/generic/pgf/utilities\pgfkeysfilte
red.code.tex
\pgfkeys@tmptoks=\toks31
))
\pgf@x=\dimen172
\pgf@y=\dimen173
\pgf@xa=\dimen174
\pgf@ya=\dimen175
\pgf@xb=\dimen176
\pgf@yb=\dimen177
\pgf@xc=\dimen178
\pgf@yc=\dimen179
\pgf@xd=\dimen180
\pgf@yd=\dimen181
\w@pgf@writea=\write3
\r@pgf@reada=\read2
\c@pgf@counta=\count284
\c@pgf@countb=\count285
\c@pgf@countc=\count286
\c@pgf@countd=\count287
\t@pgf@toka=\toks32
\t@pgf@tokb=\toks33
\t@pgf@tokc=\toks34
\pgf@sys@id@count=\count288

(C:\Users\Dom\AppData\Roaming\MiKTeX\2.9\tex/generic/pgf/systemlayer\pgf.cfg
File: pgf.cfg 2019/12/21 v3.1.5a (3.1.5a)
)
Driver file for pgf: pgfsys-pdftex.def

(C:\Users\Dom\AppData\Roaming\MiKTeX\2.9\tex/generic/pgf/systemlayer\pgfsys-pdf
tex.def
File: pgfsys-pdftex.def 2019/12/21 v3.1.5a (3.1.5a)

(C:\Users\Dom\AppData\Roaming\MiKTeX\2.9\tex/generic/pgf/systemlayer\pgfsys-com
mon-pdf.def
File: pgfsys-common-pdf.def 2019/12/21 v3.1.5a (3.1.5a)
)))
(C:\Users\Dom\AppData\Roaming\MiKTeX\2.9\tex/generic/pgf/systemlayer\pgfsyssoft
path.code.tex
File: pgfsyssoftpath.code.tex 2019/12/21 v3.1.5a (3.1.5a)
\pgfsyssoftpath@smallbuffer@items=\count289
\pgfsyssoftpath@bigbuffer@items=\count290
)
(C:\Users\Dom\AppData\Roaming\MiKTeX\2.9\tex/generic/pgf/systemlayer\pgfsysprot
ocol.code.tex
File: pgfsysprotocol.code.tex 2019/12/21 v3.1.5a (3.1.5a)
))
(C:\Users\Dom\AppData\Roaming\MiKTeX\2.9\tex/generic/pgf/basiclayer\pgfcore.cod
e.tex
Package: pgfcore 2019/12/21 v3.1.5a (3.1.5a)

(C:\Users\Dom\AppData\Roaming\MiKTeX\2.9\tex/generic/pgf/math\pgfmath.code.tex
(C:\Users\Dom\AppData\Roaming\MiKTeX\2.9\tex/generic/pgf/math\pgfmathcalc.code.
tex
(C:\Users\Dom\AppData\Roaming\MiKTeX\2.9\tex/generic/pgf/math\pgfmathutil.code.
tex)
(C:\Users\Dom\AppData\Roaming\MiKTeX\2.9\tex/generic/pgf/math\pgfmathparser.cod
e.tex
\pgfmath@dimen=\dimen182
\pgfmath@count=\count291
\pgfmath@box=\box52
\pgfmath@toks=\toks35
\pgfmath@stack@operand=\toks36
\pgfmath@stack@operation=\toks37
)
(C:\Users\Dom\AppData\Roaming\MiKTeX\2.9\tex/generic/pgf/math\pgfmathfunctions.
code.tex
(C:\Users\Dom\AppData\Roaming\MiKTeX\2.9\tex/generic/pgf/math\pgfmathfunctions.
basic.code.tex)
(C:\Users\Dom\AppData\Roaming\MiKTeX\2.9\tex/generic/pgf/math\pgfmathfunctions.
trigonometric.code.tex)
(C:\Users\Dom\AppData\Roaming\MiKTeX\2.9\tex/generic/pgf/math\pgfmathfunctions.
random.code.tex)
(C:\Users\Dom\AppData\Roaming\MiKTeX\2.9\tex/generic/pgf/math\pgfmathfunctions.
comparison.code.tex)
(C:\Users\Dom\AppData\Roaming\MiKTeX\2.9\tex/generic/pgf/math\pgfmathfunctions.
base.code.tex)
(C:\Users\Dom\AppData\Roaming\MiKTeX\2.9\tex/generic/pgf/math\pgfmathfunctions.
round.code.tex)
(C:\Users\Dom\AppData\Roaming\MiKTeX\2.9\tex/generic/pgf/math\pgfmathfunctions.
misc.code.tex)
(C:\Users\Dom\AppData\Roaming\MiKTeX\2.9\tex/generic/pgf/math\pgfmathfunctions.
integerarithmetics.code.tex)))
(C:\Users\Dom\AppData\Roaming\MiKTeX\2.9\tex/generic/pgf/math\pgfmathfloat.code
.tex
\c@pgfmathroundto@lastzeros=\count292
))
(C:\Users\Dom\AppData\Roaming\MiKTeX\2.9\tex/generic/pgf/math\pgfint.code.tex)
(C:\Users\Dom\AppData\Roaming\MiKTeX\2.9\tex/generic/pgf/basiclayer\pgfcorepoin
ts.code.tex
File: pgfcorepoints.code.tex 2019/12/21 v3.1.5a (3.1.5a)
\pgf@picminx=\dimen183
\pgf@picmaxx=\dimen184
\pgf@picminy=\dimen185
\pgf@picmaxy=\dimen186
\pgf@pathminx=\dimen187
\pgf@pathmaxx=\dimen188
\pgf@pathminy=\dimen189
\pgf@pathmaxy=\dimen190
\pgf@xx=\dimen191
\pgf@xy=\dimen192
\pgf@yx=\dimen193
\pgf@yy=\dimen194
\pgf@zx=\dimen195
\pgf@zy=\dimen196
)
(C:\Users\Dom\AppData\Roaming\MiKTeX\2.9\tex/generic/pgf/basiclayer\pgfcorepath
construct.code.tex
File: pgfcorepathconstruct.code.tex 2019/12/21 v3.1.5a (3.1.5a)
\pgf@path@lastx=\dimen197
\pgf@path@lasty=\dimen198
)
(C:\Users\Dom\AppData\Roaming\MiKTeX\2.9\tex/generic/pgf/basiclayer\pgfcorepath
usage.code.tex
File: pgfcorepathusage.code.tex 2019/12/21 v3.1.5a (3.1.5a)
\pgf@shorten@end@additional=\dimen199
\pgf@shorten@start@additional=\dimen256
)
(C:\Users\Dom\AppData\Roaming\MiKTeX\2.9\tex/generic/pgf/basiclayer\pgfcorescop
es.code.tex
File: pgfcorescopes.code.tex 2019/12/21 v3.1.5a (3.1.5a)
\pgfpic=\box53
\pgf@hbox=\box54
\pgf@layerbox@main=\box55
\pgf@picture@serial@count=\count293
)
(C:\Users\Dom\AppData\Roaming\MiKTeX\2.9\tex/generic/pgf/basiclayer\pgfcoregrap
hicstate.code.tex
File: pgfcoregraphicstate.code.tex 2019/12/21 v3.1.5a (3.1.5a)
\pgflinewidth=\dimen257
)
(C:\Users\Dom\AppData\Roaming\MiKTeX\2.9\tex/generic/pgf/basiclayer\pgfcoretran
sformations.code.tex
File: pgfcoretransformations.code.tex 2019/12/21 v3.1.5a (3.1.5a)
\pgf@pt@x=\dimen258
\pgf@pt@y=\dimen259
\pgf@pt@temp=\dimen260
)
(C:\Users\Dom\AppData\Roaming\MiKTeX\2.9\tex/generic/pgf/basiclayer\pgfcorequic
k.code.tex
File: pgfcorequick.code.tex 2019/12/21 v3.1.5a (3.1.5a)
)
(C:\Users\Dom\AppData\Roaming\MiKTeX\2.9\tex/generic/pgf/basiclayer\pgfcoreobje
cts.code.tex
File: pgfcoreobjects.code.tex 2019/12/21 v3.1.5a (3.1.5a)
)
(C:\Users\Dom\AppData\Roaming\MiKTeX\2.9\tex/generic/pgf/basiclayer\pgfcorepath
processing.code.tex
File: pgfcorepathprocessing.code.tex 2019/12/21 v3.1.5a (3.1.5a)
)
(C:\Users\Dom\AppData\Roaming\MiKTeX\2.9\tex/generic/pgf/basiclayer\pgfcorearro
ws.code.tex
File: pgfcorearrows.code.tex 2019/12/21 v3.1.5a (3.1.5a)
\pgfarrowsep=\dimen261
)
(C:\Users\Dom\AppData\Roaming\MiKTeX\2.9\tex/generic/pgf/basiclayer\pgfcoreshad
e.code.tex
File: pgfcoreshade.code.tex 2019/12/21 v3.1.5a (3.1.5a)
\pgf@max=\dimen262
\pgf@sys@shading@range@num=\count294
\pgf@shadingcount=\count295
)
(C:\Users\Dom\AppData\Roaming\MiKTeX\2.9\tex/generic/pgf/basiclayer\pgfcoreimag
e.code.tex
File: pgfcoreimage.code.tex 2019/12/21 v3.1.5a (3.1.5a)

(C:\Users\Dom\AppData\Roaming\MiKTeX\2.9\tex/generic/pgf/basiclayer\pgfcoreexte
rnal.code.tex
File: pgfcoreexternal.code.tex 2019/12/21 v3.1.5a (3.1.5a)
\pgfexternal@startupbox=\box56
))
(C:\Users\Dom\AppData\Roaming\MiKTeX\2.9\tex/generic/pgf/basiclayer\pgfcorelaye
rs.code.tex
File: pgfcorelayers.code.tex 2019/12/21 v3.1.5a (3.1.5a)
)
(C:\Users\Dom\AppData\Roaming\MiKTeX\2.9\tex/generic/pgf/basiclayer\pgfcoretran
sparency.code.tex
File: pgfcoretransparency.code.tex 2019/12/21 v3.1.5a (3.1.5a)
)
(C:\Users\Dom\AppData\Roaming\MiKTeX\2.9\tex/generic/pgf/basiclayer\pgfcorepatt
erns.code.tex
File: pgfcorepatterns.code.tex 2019/12/21 v3.1.5a (3.1.5a)
)
(C:\Users\Dom\AppData\Roaming\MiKTeX\2.9\tex/generic/pgf/basiclayer\pgfcorerdf.
code.tex
File: pgfcorerdf.code.tex 2019/12/21 v3.1.5a (3.1.5a)
)))
(C:\Users\Dom\AppData\Roaming\MiKTeX\2.9\tex/generic/pgf/modules\pgfmoduleshape
s.code.tex
File: pgfmoduleshapes.code.tex 2019/12/21 v3.1.5a (3.1.5a)
\pgfnodeparttextbox=\box57
)
(C:\Users\Dom\AppData\Roaming\MiKTeX\2.9\tex/generic/pgf/modules\pgfmoduleplot.
code.tex
File: pgfmoduleplot.code.tex 2019/12/21 v3.1.5a (3.1.5a)
)
(C:\Users\Dom\AppData\Roaming\MiKTeX\2.9\tex/latex/pgf/compatibility\pgfcomp-ve
rsion-0-65.sty
Package: pgfcomp-version-0-65 2019/12/21 v3.1.5a (3.1.5a)
\pgf@nodesepstart=\dimen263
\pgf@nodesepend=\dimen264
)
(C:\Users\Dom\AppData\Roaming\MiKTeX\2.9\tex/latex/pgf/compatibility\pgfcomp-ve
rsion-1-18.sty
Package: pgfcomp-version-1-18 2019/12/21 v3.1.5a (3.1.5a)
))
(C:\Users\Dom\AppData\Roaming\MiKTeX\2.9\tex/latex/pgf/utilities\pgffor.sty
(C:\Users\Dom\AppData\Roaming\MiKTeX\2.9\tex/latex/pgf/utilities\pgfkeys.sty
(C:\Users\Dom\AppData\Roaming\MiKTeX\2.9\tex/generic/pgf/utilities\pgfkeys.code
.tex)) (C:\Users\Dom\AppData\Roaming\MiKTeX\2.9\tex/latex/pgf/math\pgfmath.sty
(C:\Users\Dom\AppData\Roaming\MiKTeX\2.9\tex/generic/pgf/math\pgfmath.code.tex)
)
(C:\Users\Dom\AppData\Roaming\MiKTeX\2.9\tex/generic/pgf/utilities\pgffor.code.
tex
Package: pgffor 2019/12/21 v3.1.5a (3.1.5a)

(C:\Users\Dom\AppData\Roaming\MiKTeX\2.9\tex/generic/pgf/math\pgfmath.code.tex)
\pgffor@iter=\dimen265
\pgffor@skip=\dimen266
\pgffor@stack=\toks38
\pgffor@toks=\toks39
))
(C:\Users\Dom\AppData\Roaming\MiKTeX\2.9\tex/generic/pgf/frontendlayer/tikz\tik
z.code.tex
Package: tikz 2019/12/21 v3.1.5a (3.1.5a)

(C:\Users\Dom\AppData\Roaming\MiKTeX\2.9\tex/generic/pgf/libraries\pgflibrarypl
othandlers.code.tex
File: pgflibraryplothandlers.code.tex 2019/12/21 v3.1.5a (3.1.5a)
\pgf@plot@mark@count=\count296
\pgfplotmarksize=\dimen267
)
\tikz@lastx=\dimen268
\tikz@lasty=\dimen269
\tikz@lastxsaved=\dimen270
\tikz@lastysaved=\dimen271
\tikz@lastmovetox=\dimen272
\tikz@lastmovetoy=\dimen273
\tikzleveldistance=\dimen274
\tikzsiblingdistance=\dimen275
\tikz@figbox=\box58
\tikz@figbox@bg=\box59
\tikz@tempbox=\box60
\tikz@tempbox@bg=\box61
\tikztreelevel=\count297
\tikznumberofchildren=\count298
\tikznumberofcurrentchild=\count299
\tikz@fig@count=\count300

(C:\Users\Dom\AppData\Roaming\MiKTeX\2.9\tex/generic/pgf/modules\pgfmodulematri
x.code.tex
File: pgfmodulematrix.code.tex 2019/12/21 v3.1.5a (3.1.5a)
\pgfmatrixcurrentrow=\count301
\pgfmatrixcurrentcolumn=\count302
\pgf@matrix@numberofcolumns=\count303
)
\tikz@expandcount=\count304

(C:\Users\Dom\AppData\Roaming\MiKTeX\2.9\tex/generic/pgf/frontendlayer/tikz/lib
raries\tikzlibrarytopaths.code.tex
File: tikzlibrarytopaths.code.tex 2019/12/21 v3.1.5a (3.1.5a)
)))
(C:\Users\Dom\AppData\Roaming\MiKTeX\2.9\tex/generic/pgf/frontendlayer/tikz/lib
raries\tikzlibrarycalc.code.tex
File: tikzlibrarycalc.code.tex 2019/12/21 v3.1.5a (3.1.5a)
)
(C:\Users\Dom\AppData\Roaming\MiKTeX\2.9\tex/generic/pgf/libraries\pgflibraryar
rows.meta.code.tex
File: pgflibraryarrows.meta.code.tex 2019/12/21 v3.1.5a (3.1.5a)
\pgfarrowinset=\dimen276
\pgfarrowlength=\dimen277
\pgfarrowwidth=\dimen278
\pgfarrowlinewidth=\dimen279
)
(C:\Users\Dom\AppData\Roaming\MiKTeX\2.9\tex/generic/pgf/frontendlayer/tikz/lib
raries\tikzlibrarybending.code.tex
File: tikzlibrarybending.code.tex 2019/12/21 v3.1.5a (3.1.5a)

(C:\Users\Dom\AppData\Roaming\MiKTeX\2.9\tex/generic/pgf/modules\pgfmodulebendi
ng.code.tex
File: pgfmodulebending.code.tex 2019/12/21 v3.1.5a (3.1.5a)

(C:\Users\Dom\AppData\Roaming\MiKTeX\2.9\tex/generic/pgf/modules\pgfmodulenonli
neartransformations.code.tex
File: pgfmodulenonlineartransformations.code.tex 2019/12/21 v3.1.5a (3.1.5a)
\pgftransformnonlinearflatness=\dimen280
)
(C:\Users\Dom\AppData\Roaming\MiKTeX\2.9\tex/generic/pgf/libraries\pgflibrarycu
rvilinear.code.tex
File: pgflibrarycurvilinear.code.tex 2019/12/21 v3.1.5a (3.1.5a)
\pgf@curvilinear@time@a=\dimen281
\pgf@curvilinear@length@a=\dimen282
\pgf@curvilinear@length@b=\dimen283
\pgf@curvilinear@length@c=\dimen284
\pgf@curvilinear@length@d=\dimen285
)
\pgf@arrows@the@rigidity=\dimen286
))
(C:\Users\Dom\AppData\Roaming\MiKTeX\2.9\tex/generic/circuitikz\pgfcirc.defines
.tex
\pgf@circ@count@a=\count305
\pgf@circ@count@b=\count306
\pgf@circ@count@c=\count307
\pgf@circ@res@up=\dimen287
\pgf@circ@res@down=\dimen288
\pgf@circ@res@zero=\dimen289
\pgf@circ@res@left=\dimen290
\pgf@circ@res@right=\dimen291
\pgf@circ@res@other=\dimen292
\pgf@circ@res@step=\dimen293
\pgf@circ@res@temp=\dimen294
\pgfstartlinewidth=\dimen295
\pgf@circ@Rlen=\dimen296
\pgf@circ@scaled@Rlen=\dimen297
)
(C:\Users\Dom\AppData\Roaming\MiKTeX\2.9\tex/generic/circuitikz\pgfcircutils.te
x)
(C:\Users\Dom\AppData\Roaming\MiKTeX\2.9\tex/generic/circuitikz\pgfcircshapes.t
ex)
(C:\Users\Dom\AppData\Roaming\MiKTeX\2.9\tex/generic/circuitikz\pgfcircmonopole
s.tex)
(C:\Users\Dom\AppData\Roaming\MiKTeX\2.9\tex/generic/circuitikz\pgfcircbipoles.
tex)
(C:\Users\Dom\AppData\Roaming\MiKTeX\2.9\tex/generic/circuitikz\pgfcirctripoles
.tex
\pgf@circ@res@count=\count308
)
(C:\Users\Dom\AppData\Roaming\MiKTeX\2.9\tex/generic/circuitikz\pgfcircquadpole
s.tex)
(C:\Users\Dom\AppData\Roaming\MiKTeX\2.9\tex/generic/circuitikz\pgfcircmultipol
es.tex)
(C:\Users\Dom\AppData\Roaming\MiKTeX\2.9\tex/generic/circuitikz\pgfcirclabel.te
x)
(C:\Users\Dom\AppData\Roaming\MiKTeX\2.9\tex/generic/circuitikz\pgfcircvoltage.
tex)
(C:\Users\Dom\AppData\Roaming\MiKTeX\2.9\tex/generic/circuitikz\pgfcirccurrent.
tex)
(C:\Users\Dom\AppData\Roaming\MiKTeX\2.9\tex/generic/circuitikz\pgfcircflow.tex
)
(C:\Users\Dom\AppData\Roaming\MiKTeX\2.9\tex/generic/circuitikz\pgfcircpath.tex
) (C:\Users\Dom\AppData\Roaming\MiKTeX\2.9\tex/latex/xstring\xstring.sty
(C:\Users\Dom\AppData\Roaming\MiKTeX\2.9\tex/generic/xstring\xstring.tex
\integerpart=\count309
\decimalpart=\count310
)
Package: xstring 2019/02/06 v1.83 String manipulations (CT)
)
(C:\Users\Dom\AppData\Roaming\MiKTeX\2.9\tex/latex/siunitx\siunitx.sty
Package: siunitx 2019/10/10 v2.7t A comprehensive (SI) units package

("C:\Program Files\MiKTeX 2.9\tex/latex/tools\array.sty"
Package: array 2019/08/31 v2.4l Tabular extension package (FMi)
\col@sep=\dimen298
\ar@mcellbox=\box62
\extrarowheight=\dimen299
\NC@list=\toks40
\extratabsurround=\skip113
\backup@length=\skip114
\ar@cellbox=\box63
)
("C:\Program Files\MiKTeX 2.9\tex/latex/l3packages/l3keys2e\l3keys2e.sty"
Package: l3keys2e 2019-10-11 LaTeX2e option processing using LaTeX3 keys
)
\l__siunitx_tmp_box=\box64
\l__siunitx_tmp_dim=\dimen300
\l__siunitx_tmp_int=\count311
\l__siunitx_number_mantissa_length_int=\count312
\l__siunitx_number_uncert_length_int=\count313
\l__siunitx_round_int=\count314
\l__siunitx_process_decimal_int=\count315
\l__siunitx_process_uncertainty_int=\count316
\l__siunitx_process_fixed_int=\count317
\l__siunitx_process_integer_min_int=\count318
\l__siunitx_process_precision_int=\count319
\l__siunitx_group_min_int=\count320
\l__siunitx_angle_marker_box=\box65
\l__siunitx_angle_unit_box=\box66
\l__siunitx_angle_marker_dim=\dimen301
\l__siunitx_angle_unit_dim=\dimen302
\l__siunitx_unit_int=\count321
\l__siunitx_unit_denominator_int=\count322
\l__siunitx_unit_numerator_int=\count323
\l__siunitx_unit_prefix_int=\count324
\l__siunitx_unit_prefix_base_int=\count325
\l__siunitx_unit_prefix_gram_int=\count326
\l__siunitx_number_product_int=\count327
\c__siunitx_one_fill_skip=\skip115
\l__siunitx_table_unit_align_skip=\skip116
\l__siunitx_table_exponent_dim=\dimen303
\l__siunitx_table_integer_dim=\dimen304
\l__siunitx_table_mantissa_dim=\dimen305
\l__siunitx_table_marker_dim=\dimen306
\l__siunitx_table_result_dim=\dimen307
\l__siunitx_table_uncert_dim=\dimen308
\l__siunitx_table_fill_pre_dim=\dimen309
\l__siunitx_table_fill_post_dim=\dimen310
\l__siunitx_table_fill_mid_dim=\dimen311
\l__siunitx_table_pre_box=\box67
\l__siunitx_table_post_box=\box68
\l__siunitx_table_mantissa_box=\box69
\l__siunitx_table_result_box=\box70
\l__siunitx_table_number_align_skip=\skip117
\l__siunitx_table_text_align_skip=\skip118

(C:\Users\Dom\AppData\Roaming\MiKTeX\2.9\tex/latex/translator\translator.sty
Package: translator 2019-05-31 v1.12a Easy translation of strings in LaTeX
))

Package circuitikz Warning: You did not specify one of the voltage directions:
(circuitikz)                  oldvoltagedirection, nooldvoltagedirection, 
(circuitikz)                  RPvoltages or EFvoltages 
(circuitikz)                Default directions may have changed, 
(circuitikz)                please check the manual.

)
(C:\Users\Dom\AppData\Roaming\MiKTeX\2.9\tex/generic/pgf/frontendlayer/tikz/lib
raries\tikzlibraryarrows.code.tex
File: tikzlibraryarrows.code.tex 2019/12/21 v3.1.5a (3.1.5a)

(C:\Users\Dom\AppData\Roaming\MiKTeX\2.9\tex/generic/pgf/libraries\pgflibraryar
rows.code.tex
File: pgflibraryarrows.code.tex 2019/12/21 v3.1.5a (3.1.5a)
\arrowsize=\dimen312
))
(C:\Users\Dom\AppData\Roaming\MiKTeX\2.9\tex/generic/pgf/frontendlayer/tikz/lib
raries\tikzlibrarysnakes.code.tex
File: tikzlibrarysnakes.code.tex 2019/12/21 v3.1.5a (3.1.5a)


Package pgf Warning: Snakes have been superseded by decorations. Please use the
 decoration libraries instead of the snakes library on input line 14.


(C:\Users\Dom\AppData\Roaming\MiKTeX\2.9\tex/generic/pgf/frontendlayer/tikz/lib
raries\tikzlibrarydecorations.pathmorphing.code.tex
(C:\Users\Dom\AppData\Roaming\MiKTeX\2.9\tex/generic/pgf/frontendlayer/tikz/lib
raries\tikzlibrarydecorations.code.tex
(C:\Users\Dom\AppData\Roaming\MiKTeX\2.9\tex/generic/pgf/modules\pgfmoduledecor
ations.code.tex
\pgfdecoratedcompleteddistance=\dimen313
\pgfdecoratedremainingdistance=\dimen314
\pgfdecoratedinputsegmentcompleteddistance=\dimen315
\pgfdecoratedinputsegmentremainingdistance=\dimen316
\pgf@decorate@distancetomove=\dimen317
\pgf@decorate@repeatstate=\count328
\pgfdecorationsegmentamplitude=\dimen318
\pgfdecorationsegmentlength=\dimen319
)
\tikz@lib@dec@box=\box71
)
(C:\Users\Dom\AppData\Roaming\MiKTeX\2.9\tex/generic/pgf/libraries/decorations\
pgflibrarydecorations.pathmorphing.code.tex))
(C:\Users\Dom\AppData\Roaming\MiKTeX\2.9\tex/generic/pgf/frontendlayer/tikz/lib
raries\tikzlibrarydecorations.pathreplacing.code.tex
(C:\Users\Dom\AppData\Roaming\MiKTeX\2.9\tex/generic/pgf/libraries/decorations\
pgflibrarydecorations.pathreplacing.code.tex))
(C:\Users\Dom\AppData\Roaming\MiKTeX\2.9\tex/generic/pgf/frontendlayer/tikz/lib
raries\tikzlibrarydecorations.shapes.code.tex
(C:\Users\Dom\AppData\Roaming\MiKTeX\2.9\tex/generic/pgf/libraries/decorations\
pgflibrarydecorations.shapes.code.tex)))
(C:\Users\Dom\AppData\Roaming\MiKTeX\2.9\tex/generic/pgf/frontendlayer/tikz/lib
raries\tikzlibraryshapes.code.tex
File: tikzlibraryshapes.code.tex 2019/12/21 v3.1.5a (3.1.5a)

(C:\Users\Dom\AppData\Roaming\MiKTeX\2.9\tex/generic/pgf/frontendlayer/tikz/lib
raries\tikzlibraryshapes.geometric.code.tex
File: tikzlibraryshapes.geometric.code.tex 2019/12/21 v3.1.5a (3.1.5a)

(C:\Users\Dom\AppData\Roaming\MiKTeX\2.9\tex/generic/pgf/libraries/shapes\pgfli
braryshapes.geometric.code.tex
File: pgflibraryshapes.geometric.code.tex 2019/12/21 v3.1.5a (3.1.5a)
))
(C:\Users\Dom\AppData\Roaming\MiKTeX\2.9\tex/generic/pgf/frontendlayer/tikz/lib
raries\tikzlibraryshapes.misc.code.tex
File: tikzlibraryshapes.misc.code.tex 2019/12/21 v3.1.5a (3.1.5a)

(C:\Users\Dom\AppData\Roaming\MiKTeX\2.9\tex/generic/pgf/libraries/shapes\pgfli
braryshapes.misc.code.tex
File: pgflibraryshapes.misc.code.tex 2019/12/21 v3.1.5a (3.1.5a)
))
(C:\Users\Dom\AppData\Roaming\MiKTeX\2.9\tex/generic/pgf/frontendlayer/tikz/lib
raries\tikzlibraryshapes.symbols.code.tex
File: tikzlibraryshapes.symbols.code.tex 2019/12/21 v3.1.5a (3.1.5a)

(C:\Users\Dom\AppData\Roaming\MiKTeX\2.9\tex/generic/pgf/libraries/shapes\pgfli
braryshapes.symbols.code.tex
File: pgflibraryshapes.symbols.code.tex 2019/12/21 v3.1.5a (3.1.5a)
))
(C:\Users\Dom\AppData\Roaming\MiKTeX\2.9\tex/generic/pgf/frontendlayer/tikz/lib
raries\tikzlibraryshapes.arrows.code.tex
File: tikzlibraryshapes.arrows.code.tex 2019/12/21 v3.1.5a (3.1.5a)

(C:\Users\Dom\AppData\Roaming\MiKTeX\2.9\tex/generic/pgf/libraries/shapes\pgfli
braryshapes.arrows.code.tex
File: pgflibraryshapes.arrows.code.tex 2019/12/21 v3.1.5a (3.1.5a)
))
(C:\Users\Dom\AppData\Roaming\MiKTeX\2.9\tex/generic/pgf/frontendlayer/tikz/lib
raries\tikzlibraryshapes.callouts.code.tex
(C:\Users\Dom\AppData\Roaming\MiKTeX\2.9\tex/generic/pgf/libraries/shapes\pgfli
braryshapes.callouts.code.tex))
(C:\Users\Dom\AppData\Roaming\MiKTeX\2.9\tex/generic/pgf/frontendlayer/tikz/lib
raries\tikzlibraryshapes.multipart.code.tex
File: tikzlibraryshapes.multipart.code.tex 2019/12/21 v3.1.5a (3.1.5a)

(C:\Users\Dom\AppData\Roaming\MiKTeX\2.9\tex/generic/pgf/libraries/shapes\pgfli
braryshapes.multipart.code.tex
File: pgflibraryshapes.multipart.code.tex 2019/12/21 v3.1.5a (3.1.5a)
\pgfnodepartlowerbox=\box72
\pgfnodeparttwobox=\box73
\pgfnodepartthreebox=\box74
\pgfnodepartfourbox=\box75
\pgfnodeparttwentybox=\box76
\pgfnodepartnineteenbox=\box77
\pgfnodeparteighteenbox=\box78
\pgfnodepartseventeenbox=\box79
\pgfnodepartsixteenbox=\box80
\pgfnodepartfifteenbox=\box81
\pgfnodepartfourteenbox=\box82
\pgfnodepartthirteenbox=\box83
\pgfnodeparttwelvebox=\box84
\pgfnodepartelevenbox=\box85
\pgfnodeparttenbox=\box86
\pgfnodepartninebox=\box87
\pgfnodeparteightbox=\box88
\pgfnodepartsevenbox=\box89
\pgfnodepartsixbox=\box90
\pgfnodepartfivebox=\box91
)))
(C:\Users\Dom\AppData\Roaming\MiKTeX\2.9\tex/generic/pgf/frontendlayer/tikz/lib
raries\tikzlibraryshadows.code.tex
File: tikzlibraryshadows.code.tex 2019/12/21 v3.1.5a (3.1.5a)

(C:\Users\Dom\AppData\Roaming\MiKTeX\2.9\tex/generic/pgf/frontendlayer/tikz/lib
raries\tikzlibraryfadings.code.tex
File: tikzlibraryfadings.code.tex 2019/12/21 v3.1.5a (3.1.5a)

(C:\Users\Dom\AppData\Roaming\MiKTeX\2.9\tex/generic/pgf/libraries\pgflibraryfa
dings.code.tex
File: pgflibraryfadings.code.tex 2019/12/21 v3.1.5a (3.1.5a)
)))
(C:\Users\Dom\AppData\Roaming\MiKTeX\2.9\tex/latex/psnfss\palatino.sty
Package: palatino 2005/04/12 PSNFSS-v9.2a (SPQR) 
)
("C:\Program Files\MiKTeX 2.9\tex/latex/tools\multicol.sty"
Package: multicol 2019/03/01 v1.8w multicolumn formatting (FMi)
\c@tracingmulticols=\count329
\mult@box=\box92
\multicol@leftmargin=\dimen320
\c@unbalance=\count330
\c@collectmore=\count331
\doublecol@number=\count332
\multicoltolerance=\count333
\multicolpretolerance=\count334
\full@width=\dimen321
\page@free=\dimen322
\premulticols=\dimen323
\postmulticols=\dimen324
\multicolsep=\skip119
\multicolbaselineskip=\skip120
\partial@page=\box93
\last@line=\box94
\maxbalancingoverflow=\dimen325
\mult@rightbox=\box95
\mult@grightbox=\box96
\mult@gfirstbox=\box97
\mult@firstbox=\box98
\@tempa=\box99
\@tempa=\box100
\@tempa=\box101
\@tempa=\box102
\@tempa=\box103
\@tempa=\box104
\@tempa=\box105
\@tempa=\box106
\@tempa=\box107
\@tempa=\box108
\@tempa=\box109
\@tempa=\box110
\@tempa=\box111
\@tempa=\box112
\@tempa=\box113
\@tempa=\box114
\@tempa=\box115
\c@minrows=\count335
\c@columnbadness=\count336
\c@finalcolumnbadness=\count337
\last@try=\dimen326
\multicolovershoot=\dimen327
\multicolundershoot=\dimen328
\mult@nat@firstbox=\box116
\colbreak@box=\box117
\mc@col@check@num=\count338
)
(C:\Users\Dom\AppData\Roaming\MiKTeX\2.9\tex/latex/float\float.sty
Package: float 2001/11/08 v1.3d Float enhancements (AL)
\c@float@type=\count339
\float@exts=\toks41
\float@box=\box118
\@float@everytoks=\toks42
\@floatcapt=\box119
)
(C:\Users\Dom\AppData\Roaming\MiKTeX\2.9\tex/latex/wrapfig\wrapfig.sty
\wrapoverhang=\dimen329
\WF@size=\dimen330
\c@WF@wrappedlines=\count340
\WF@box=\box120
\WF@everypar=\toks43
Package: wrapfig 2003/01/31  v 3.6
)
(C:\Users\Dom\AppData\Roaming\MiKTeX\2.9\tex/latex/caption\caption.sty
Package: caption 2019/10/18 v3.4a Customizing captions (AR)

(C:\Users\Dom\AppData\Roaming\MiKTeX\2.9\tex/latex/caption\caption3.sty
Package: caption3 2019/09/09 v1.8e caption3 kernel (AR)
Package caption3 Info: TeX engine: e-TeX on input line 64.
\captionmargin=\dimen331
\captionmargin@=\dimen332
\captionwidth=\dimen333
\caption@tempdima=\dimen334
\caption@indent=\dimen335
\caption@parindent=\dimen336
\caption@hangindent=\dimen337
Package caption Info: KOMA-Script document class detected.
)
Package caption Info: KOMA-Script document class.
\c@caption@flags=\count341
\c@continuedfloat=\count342
Package caption Info: float package is loaded.
Package caption Info: hyperref package is loaded.
Package caption Info: wrapfig package is loaded.
)
(C:\Users\Dom\AppData\Roaming\MiKTeX\2.9\tex/latex/caption\subcaption.sty
Package: subcaption 2019/09/01 v1.3a Sub-captions (AR)
\c@subfigure=\count343
\c@subtable=\count344
)
(C:\Users\Dom\AppData\Roaming\MiKTeX\2.9\tex/latex/pdfpages\pdfpages.sty
Package: pdfpages 2019/12/17 v0.5p Insert pages of external PDF documents (AM)

("C:\Program Files\MiKTeX 2.9\tex/latex/tools\calc.sty"
Package: calc 2017/05/25 v4.3 Infix arithmetic (KKT,FJ)
\calc@Acount=\count345
\calc@Bcount=\count346
\calc@Adimen=\dimen338
\calc@Bdimen=\dimen339
\calc@Askip=\skip121
\calc@Bskip=\skip122
LaTeX Info: Redefining \setlength on input line 80.
LaTeX Info: Redefining \addtolength on input line 81.
\calc@Ccount=\count347
\calc@Cskip=\skip123
)
(C:\Users\Dom\AppData\Roaming\MiKTeX\2.9\tex/latex/eso-pic\eso-pic.sty
Package: eso-pic 2018/04/12 v2.0h eso-pic (RN)
)
\AM@pagewidth=\dimen340
\AM@pageheight=\dimen341

(C:\Users\Dom\AppData\Roaming\MiKTeX\2.9\tex/latex/pdfpages\pppdftex.def
File: pppdftex.def 2019/12/17 v0.5p Pdfpages driver for pdfTeX (AM)
)
\AM@pagebox=\box121
\AM@global@opts=\toks44
\AM@toc@title=\toks45
\c@AM@survey=\count348
\AM@templatesizebox=\box122
)
(C:\Users\Dom\AppData\Roaming\MiKTeX\2.9\tex/latex/appendix\appendix.sty
Package: appendix 2009/09/02 v1.2b extra appendix facilities
\c@@pps=\count349
\c@@ppsavesec=\count350
\c@@ppsaveapp=\count351
)
(C:\Users\Dom\AppData\Roaming\MiKTeX\2.9\tex/latex/cite\cite.sty
LaTeX Info: Redefining \cite on input line 302.
LaTeX Info: Redefining \nocite on input line 332.
Package: cite 2015/02/27  v 5.5
)
(C:\Users\Dom\AppData\Roaming\MiKTeX\2.9\tex/latex/listings\listings.sty
\lst@mode=\count352
\lst@gtempboxa=\box123
\lst@token=\toks46
\lst@length=\count353
\lst@currlwidth=\dimen342
\lst@column=\count354
\lst@pos=\count355
\lst@lostspace=\dimen343
\lst@width=\dimen344
\lst@newlines=\count356
\lst@lineno=\count357
\lst@maxwidth=\dimen345

(C:\Users\Dom\AppData\Roaming\MiKTeX\2.9\tex/latex/listings\lstmisc.sty
File: lstmisc.sty 2019/09/10 1.8c (Carsten Heinz)
\c@lstnumber=\count358
\lst@skipnumbers=\count359
\lst@framebox=\box124
)
(C:\Users\Dom\AppData\Roaming\MiKTeX\2.9\tex/latex/listings\listings.cfg
File: listings.cfg 2019/09/10 1.8c listings configuration
))
Package: listings 2019/09/10 1.8c (Carsten Heinz)

(C:\Users\Dom\AppData\Roaming\MiKTeX\2.9\tex/latex/asymptote\asymptote.sty
Package: asymptote 2016/11/26 v1.33 Asymptote style file for LaTeX

(main.pre)
\ASYbox=\box125
\ASYdimen=\dimen346
\c@asy=\count360
\AsyStream=\write4
\AsyPreStream=\write5

(C:\Users\Dom\AppData\Roaming\MiKTeX\2.9\tex/generic/catchfile\catchfile.sty
Package: catchfile 2019/12/09 v1.8 Catch the contents of a file (HO)
)
\openout5 = `main.pre'.

)
(C:\Users\Dom\AppData\Roaming\MiKTeX\2.9\tex/latex/tabu\tabu.sty
Package: tabu 2019/01/11 v2.9 - flexible LaTeX tabulars (FC+tabu-fixed)

(C:\Users\Dom\AppData\Roaming\MiKTeX\2.9\tex/latex/varwidth\varwidth.sty
Package: varwidth 2009/03/30 ver 0.92;  Variable-width minipages
\@vwid@box=\box126
\sift@deathcycles=\count361
\@vwid@loff=\dimen347
\@vwid@roff=\dimen348
)
\c@taburow=\count362
\tabu@nbcols=\count363
\tabu@cnt=\count364
\tabu@Xcol=\count365
\tabu@alloc=\count366
\tabu@nested=\count367
\tabu@target=\dimen349
\tabu@spreadtarget=\dimen350
\tabu@naturalX=\dimen351
\tabucolX=\dimen352
\tabu@Xsum=\dimen353
\extrarowdepth=\dimen354
\abovetabulinesep=\dimen355
\belowtabulinesep=\dimen356
\tabustrutrule=\dimen357
\tabu@thebody=\toks47
\tabu@footnotes=\toks48
\tabu@box=\box127
\tabu@arstrutbox=\box128
\tabu@hleads=\box129
\tabu@vleads=\box130
\tabu@cellskip=\skip124
)
(C:\Users\Dom\AppData\Roaming\MiKTeX\2.9\tex/latex/multirow\multirow.sty
Package: multirow 2019/05/31 v2.5 Span multiple rows of a table
\multirow@colwidth=\skip125
\multirow@cntb=\count368
\multirow@dima=\skip126
\bigstrutjot=\dimen358
)
(C:\Users\Dom\AppData\Roaming\MiKTeX\2.9\tex/latex/was\gensymb.sty
Package: gensymb 2003/07/02 v1.0 (WaS)
))
(C:\Users\Dom\AppData\Roaming\MiKTeX\2.9\tex/latex/nomencl\nomencl.sty
Package: nomencl 2019/11/23 v5.3 Nomenclature package

("C:\Program Files\MiKTeX 2.9\tex/latex/xkeyval\xkeyval.sty"
Package: xkeyval 2014/12/03 v2.7a package option processing (HA)

("C:\Program Files\MiKTeX 2.9\tex/generic/xkeyval\xkeyval.tex"
("C:\Program Files\MiKTeX 2.9\tex/generic/xkeyval\xkvutils.tex"
\XKV@toks=\toks49
\XKV@tempa@toks=\toks50
)
\XKV@depth=\count369
File: xkeyval.tex 2014/12/03 v2.7a key=value parser (HA)
))
Package tocbasic Info: setting babel extension for `nlo' on input line 163.
Package tocbasic Info: setting babel extension for `nls' on input line 164.
\nomlabelwidth=\dimen359
\nom@tempdim=\dimen360
\nomitemsep=\skip127
)
(includes/lstdefines.tex) (includes/istcoverpage.tex) (includes/others.tex
\@nomenclaturefile=\write6
\openout6 = `main.nlo'.

Package nomencl Info: Writing nomenclature file main.nlo on input line 50.
)
(main.aux (abs_akw/abstract.aux) (abs_akw/acknowledgements.aux)
(lista_variaveis.aux))
\openout1 = `main.aux'.

LaTeX Font Info:    Checking defaults for OML/cmm/m/it on input line 6.
LaTeX Font Info:    ... okay on input line 6.
LaTeX Font Info:    Checking defaults for T1/cmr/m/n on input line 6.
LaTeX Font Info:    ... okay on input line 6.
LaTeX Font Info:    Checking defaults for OT1/cmr/m/n on input line 6.
LaTeX Font Info:    ... okay on input line 6.
LaTeX Font Info:    Checking defaults for OMS/cmsy/m/n on input line 6.
LaTeX Font Info:    ... okay on input line 6.
LaTeX Font Info:    Checking defaults for OMX/cmex/m/n on input line 6.
LaTeX Font Info:    ... okay on input line 6.
LaTeX Font Info:    Checking defaults for U/cmr/m/n on input line 6.
LaTeX Font Info:    ... okay on input line 6.
LaTeX Font Info:    Checking defaults for PD1/pdf/m/n on input line 6.
LaTeX Font Info:    ... okay on input line 6.
LaTeX Font Info:    Checking defaults for T2A/cmr/m/n on input line 6.
LaTeX Font Info:    Trying to load font information for T2A+cmr on input line 6
.

(C:\Users\Dom\AppData\Roaming\MiKTeX\2.9\tex/latex/cyrillic\t2acmr.fd
File: t2acmr.fd 2001/08/11 v1.0a Computer Modern Cyrillic font definitions
)
LaTeX Font Info:    ... okay on input line 6.
LaTeX Font Info:    Trying to load font information for T1+ppl on input line 6.


(C:\Users\Dom\AppData\Roaming\MiKTeX\2.9\tex/latex/psnfss\t1ppl.fd
File: t1ppl.fd 2001/06/04 font definitions for T1/ppl.
)
Package scrbase Info: activating english \contentsname on input line 6.
Package scrbase Info: activating english \listfigurename on input line 6.
Package scrbase Info: activating english \listtablename on input line 6.
\AtBeginShipoutBox=\box131
Package hyperref Info: Link coloring OFF on input line 6.

("C:\Program Files\MiKTeX 2.9\tex/latex/hyperref\nameref.sty"
Package: nameref 2019/09/16 v2.46 Cross-referencing by name of section

(C:\Users\Dom\AppData\Roaming\MiKTeX\2.9\tex/latex/refcount\refcount.sty
Package: refcount 2019/12/15 v3.6 Data extraction from label references (HO)
)
(C:\Users\Dom\AppData\Roaming\MiKTeX\2.9\tex/generic/gettitlestring\gettitlestr
ing.sty
Package: gettitlestring 2019/12/15 v1.6 Cleanup title references (HO)
)
\c@section@level=\count370
)
LaTeX Info: Redefining \ref on input line 6.
LaTeX Info: Redefining \pageref on input line 6.
LaTeX Info: Redefining \nameref on input line 6.
 (main.out) (main.out)
\@outlinefile=\write7
\openout7 = `main.out'.

Class scrbook Info: loading recommended package `bookmark'.
(scrbook)           Using `bookmark' together with `hyperref' is recommended,
(scrbook)           because of handling of possible bookmark level gaps.
(scrbook)           You can avoid loading `bookmark' with KOMA-Script option
(scrbook)           `bookmarkpackage=false' before \begin{document} and
(scrbook)           you can avoid this message adding:
(scrbook)             \usepackage{bookmark}
(scrbook)           before \begin{document} on input line 6.

(C:\Users\Dom\AppData\Roaming\MiKTeX\2.9\tex/latex/bookmark\bookmark.sty
Package: bookmark 2019/12/03 v1.28 PDF bookmarks (HO)

(C:\Users\Dom\AppData\Roaming\MiKTeX\2.9\tex/latex/bookmark\bkm-pdftex.def
File: bkm-pdftex.def 2019/12/03 v1.28 bookmark driver for pdfTeX (HO)
Package auxhook Info: \AddLineBeginMainAux comes a little late,
(auxhook)             because the main .aux file is already opened on input lin
e 168.
\BKM@id=\count371
))
("C:\Program Files\MiKTeX 2.9\tex/context/base/mkii\supp-pdf.mkii"
[Loading MPS to PDF converter (version 2006.09.02).]
\scratchcounter=\count372
\scratchdimen=\dimen361
\scratchbox=\box132
\nofMPsegments=\count373
\nofMParguments=\count374
\everyMPshowfont=\toks51
\MPscratchCnt=\count375
\MPscratchDim=\dimen362
\MPnumerator=\count376
\makeMPintoPDFobject=\count377
\everyMPtoPDFconversion=\toks52
)
LaTeX Info: Redefining \microtypecontext on input line 6.
Package microtype Info: Generating PDF output.
Package microtype Info: Character protrusion enabled (level 2).
Package microtype Info: Using default protrusion set `alltext'.
Package microtype Info: No font expansion.
Package microtype Info: No adjustment of tracking.
Package microtype Info: No adjustment of interword spacing.
Package microtype Info: No adjustment of character kerning.
 (C:\Users\Dom\AppData\Roaming\MiKTeX\2.9\tex/latex/microtype\mt-ppl.cfg
File: mt-ppl.cfg 2005/11/16 v1.6 microtype config. file: Palatino (RS)
)

Package scrpage2 Warning: seems you are using a very small headheight.
(scrpage2)                If you get overfull \vbox warnings at almost every
(scrpage2)                page, you should increase headheight e.g. writing
(scrpage2)                 \setlength{\headheight}{1.1\baselineskip}
(scrpage2)                into the preamble of your document.
(scrpage2)                A better solution would be to use typearea package.

LaTeX Info: Redefining \it@ocap on input line 6.
LaTeX Info: Redefining \it@ccap on input line 6.
ABD: EveryShipout initializing macros
Now handling font encoding TS1 ...
... processing UTF-8 mapping file for font encoding TS1

("C:\Program Files\MiKTeX 2.9\tex/latex/base\ts1enc.dfu"
File: ts1enc.dfu 2019/07/11 v1.2j UTF-8 support for inputenc
   defining Unicode char U+00A2 (decimal 162)
   defining Unicode char U+00A3 (decimal 163)
   defining Unicode char U+00A4 (decimal 164)
   defining Unicode char U+00A5 (decimal 165)
   defining Unicode char U+00A6 (decimal 166)
   defining Unicode char U+00A7 (decimal 167)
   defining Unicode char U+00A8 (decimal 168)
   defining Unicode char U+00A9 (decimal 169)
   defining Unicode char U+00AA (decimal 170)
   defining Unicode char U+00AC (decimal 172)
   defining Unicode char U+00AE (decimal 174)
   defining Unicode char U+00AF (decimal 175)
   defining Unicode char U+00B0 (decimal 176)
   defining Unicode char U+00B1 (decimal 177)
   defining Unicode char U+00B2 (decimal 178)
   defining Unicode char U+00B3 (decimal 179)
   defining Unicode char U+00B4 (decimal 180)
   defining Unicode char U+00B5 (decimal 181)
   defining Unicode char U+00B6 (decimal 182)
   defining Unicode char U+00B7 (decimal 183)
   defining Unicode char U+00B9 (decimal 185)
   defining Unicode char U+00BA (decimal 186)
   defining Unicode char U+00BC (decimal 188)
   defining Unicode char U+00BD (decimal 189)
   defining Unicode char U+00BE (decimal 190)
   defining Unicode char U+00D7 (decimal 215)
   defining Unicode char U+00F7 (decimal 247)
   defining Unicode char U+0192 (decimal 402)
   defining Unicode char U+02C7 (decimal 711)
   defining Unicode char U+02D8 (decimal 728)
   defining Unicode char U+02DD (decimal 733)
   defining Unicode char U+0E3F (decimal 3647)
   defining Unicode char U+2016 (decimal 8214)
   defining Unicode char U+2020 (decimal 8224)
   defining Unicode char U+2021 (decimal 8225)
   defining Unicode char U+2022 (decimal 8226)
   defining Unicode char U+2030 (decimal 8240)
   defining Unicode char U+2031 (decimal 8241)
   defining Unicode char U+203B (decimal 8251)
   defining Unicode char U+203D (decimal 8253)
   defining Unicode char U+2044 (decimal 8260)
   defining Unicode char U+204E (decimal 8270)
   defining Unicode char U+2052 (decimal 8274)
   defining Unicode char U+20A1 (decimal 8353)
   defining Unicode char U+20A4 (decimal 8356)
   defining Unicode char U+20A6 (decimal 8358)
   defining Unicode char U+20A9 (decimal 8361)
   defining Unicode char U+20AB (decimal 8363)
   defining Unicode char U+20AC (decimal 8364)
   defining Unicode char U+20B1 (decimal 8369)
   defining Unicode char U+2103 (decimal 8451)
   defining Unicode char U+2116 (decimal 8470)
   defining Unicode char U+2117 (decimal 8471)
   defining Unicode char U+211E (decimal 8478)
   defining Unicode char U+2120 (decimal 8480)
   defining Unicode char U+2122 (decimal 8482)
   defining Unicode char U+2126 (decimal 8486)
   defining Unicode char U+2127 (decimal 8487)
   defining Unicode char U+212E (decimal 8494)
   defining Unicode char U+2190 (decimal 8592)
   defining Unicode char U+2191 (decimal 8593)
   defining Unicode char U+2192 (decimal 8594)
   defining Unicode char U+2193 (decimal 8595)
   defining Unicode char U+2329 (decimal 9001)
   defining Unicode char U+232A (decimal 9002)
   defining Unicode char U+2422 (decimal 9250)
   defining Unicode char U+25E6 (decimal 9702)
   defining Unicode char U+25EF (decimal 9711)
   defining Unicode char U+266A (decimal 9834)
   defining Unicode char U+27E8 (decimal 10216)
   defining Unicode char U+27E9 (decimal 10217)
   defining Unicode char U+FEFF (decimal 65279)
)
(C:\Users\Dom\AppData\Roaming\MiKTeX\2.9\tex/latex/translator\translator-basic-
dictionary-English.dict
Dictionary: translator-basic-dictionary, Language: English 
)
(C:\Users\Dom\AppData\Roaming\MiKTeX\2.9\tex/latex/siunitx\siunitx-abbreviation
s.cfg
File: siunitx-abbreviations.cfg 2017/11/26 v2.7k siunitx: Abbreviated units
)
Package caption Info: Begin \AtBeginDocument code.
Package caption Info: listings package is loaded.
Package caption Info: End \AtBeginDocument code.

(C:\Users\Dom\AppData\Roaming\MiKTeX\2.9\tex/latex/pdflscape\pdflscape.sty
Package: pdflscape 2019/12/05 v0.12 Display of landscape pages in PDF (HO)

("C:\Program Files\MiKTeX 2.9\tex/latex/graphics\lscape.sty"
Package: lscape 2000/10/22 v3.01 Landscape Pages (DPC)
)
Package pdflscape Info: Auto-detected driver: pdftex on input line 81.
)
\c@lstlisting=\count378
LaTeX Info: Redefining \celsius on input line 6.
Package gensymb Info: Faking symbols for \degree and \celsius on input line 6.


Package gensymb Warning: Not defining \perthousand.

LaTeX Info: Redefining \ohm on input line 6.
Package gensymb Info: Using \upOmega for \ohm on input line 6.

Package gensymb Warning: Not defining \micro.

LaTeX Font Info:    Trying to load font information for OT1+pplx on input line 
6.
(C:\Users\Dom\AppData\Roaming\MiKTeX\2.9\tex/latex/psnfss\ot1pplx.fd
File: ot1pplx.fd 2004/09/06 font definitions for OT1/pplx.
)
LaTeX Font Info:    Trying to load font information for OML+zplm on input line 
6.

(C:\Users\Dom\AppData\Roaming\MiKTeX\2.9\tex/latex/psnfss\omlzplm.fd
File: omlzplm.fd 2002/09/08 Fontinst v1.914 font definitions for OML/zplm.
)
LaTeX Font Info:    Trying to load font information for OMS+zplm on input line 
6.

(C:\Users\Dom\AppData\Roaming\MiKTeX\2.9\tex/latex/psnfss\omszplm.fd
File: omszplm.fd 2002/09/08 Fontinst v1.914 font definitions for OMS/zplm.
)
LaTeX Font Info:    Trying to load font information for OMX+zplm on input line 
6.

(C:\Users\Dom\AppData\Roaming\MiKTeX\2.9\tex/latex/psnfss\omxzplm.fd
File: omxzplm.fd 2002/09/08 Fontinst v1.914 font definitions for OMX/zplm.
)
LaTeX Font Info:    Trying to load font information for OT1+zplm on input line 
6.

(C:\Users\Dom\AppData\Roaming\MiKTeX\2.9\tex/latex/psnfss\ot1zplm.fd
File: ot1zplm.fd 2002/09/08 Fontinst v1.914 font definitions for OT1/zplm.
)
Package microtype Info: Loading generic protrusion settings for font family
(microtype)             `zplm' (encoding: OT1).
(microtype)             For optimal results, create family-specific settings.
(microtype)             See the microtype manual for details.
LaTeX Font Info:    Font shape `U/msa/m/n' will be
(Font)              scaled to size 10.42007pt on input line 6.

(C:\Users\Dom\AppData\Roaming\MiKTeX\2.9\tex/latex/microtype\mt-msa.cfg
File: mt-msa.cfg 2006/02/04 v1.1 microtype config. file: AMS symbols (a) (RS)
)
LaTeX Font Info:    Font shape `U/msa/m/n' will be
(Font)              scaled to size 7.91925pt on input line 6.
LaTeX Font Info:    Font shape `U/msa/m/n' will be
(Font)              scaled to size 6.25204pt on input line 6.
LaTeX Font Info:    Font shape `U/msb/m/n' will be
(Font)              scaled to size 10.42007pt on input line 6.

(C:\Users\Dom\AppData\Roaming\MiKTeX\2.9\tex/latex/microtype\mt-msb.cfg
File: mt-msb.cfg 2005/06/01 v1.0 microtype config. file: AMS symbols (b) (RS)
)
LaTeX Font Info:    Font shape `U/msb/m/n' will be
(Font)              scaled to size 7.91925pt on input line 6.
LaTeX Font Info:    Font shape `U/msb/m/n' will be
(Font)              scaled to size 6.25204pt on input line 6.
Package microtype Info: Loading generic protrusion settings for font family
(microtype)             `cmss' (encoding: OT1).
(microtype)             For optimal results, create family-specific settings.
(microtype)             See the microtype manual for details.
Package microtype Info: Loading generic protrusion settings for font family
(microtype)             `cmtt' (encoding: OT1).
(microtype)             For optimal results, create family-specific settings.
(microtype)             See the microtype manual for details.
<includes/LogoIST.pdf, id=30, 500.87125pt x 194.7275pt>
File: includes/LogoIST.pdf Graphic file (type pdf)
<use includes/LogoIST.pdf>
Package pdftex.def Info: includes/LogoIST.pdf  used on input line 9.
(pdftex.def)             Requested size: 142.26378pt x 55.30774pt.
<includes/LogoPadova.jpg, id=31, 526.96875pt x 295.1025pt>
File: includes/LogoPadova.jpg Graphic file (type jpg)
<use includes/LogoPadova.jpg>
Package pdftex.def Info: includes/LogoPadova.jpg  used on input line 9.
(pdftex.def)             Requested size: 142.26378pt x 79.66972pt.

Overfull \hbox (46.0pt too wide) in paragraph at lines 9--9
[][] 
 []

(C:\Users\Dom\AppData\Roaming\MiKTeX\2.9\tex/latex/microtype\mt-cmr.cfg
File: mt-cmr.cfg 2013/05/19 v2.2 microtype config. file: Computer Modern Roman 
(RS)
)

LaTeX Font Warning: Font shape `T1/cmr/m/n' in size <19.28> not available
(Font)              size <20.74> substituted on input line 9.


LaTeX Font Warning: Font shape `T1/cmr/bx/n' in size <19.28> not available
(Font)              size <20.74> substituted on input line 9.

LaTeX Font Info:    Font shape `U/msa/m/n' will be
(Font)              scaled to size 12.50409pt on input line 9.
LaTeX Font Info:    Font shape `U/msa/m/n' will be
(Font)              scaled to size 9.37807pt on input line 9.
LaTeX Font Info:    Font shape `U/msa/m/n' will be
(Font)              scaled to size 7.29405pt on input line 9.
LaTeX Font Info:    Font shape `U/msb/m/n' will be
(Font)              scaled to size 12.50409pt on input line 9.
LaTeX Font Info:    Font shape `U/msb/m/n' will be
(Font)              scaled to size 9.37807pt on input line 9.
LaTeX Font Info:    Font shape `U/msb/m/n' will be
(Font)              scaled to size 7.29405pt on input line 9.
[1

{C:/Users/Dom/AppData/Local/MiKTeX/2.9/pdftex/config/pdftex.map} <./includes/Lo
goIST.pdf> <./includes/LogoPadova.jpg>]
\openout2 = `abs_akw/abstract.aux'.

 (abs_akw/abstract.tex [2



]
LaTeX Font Info:    Font shape `T1/ppl/bx/n' in size <10> not available
(Font)              Font shape `T1/ppl/b/n' tried instead on input line 6.
 [3]
[4


] [5] [6


]) [7]
\openout2 = `abs_akw/acknowledgements.aux'.

 (abs_akw/acknowledgements.tex [8




]) [9] [10



]
Package tocbasic Info: character protrusion at toc deactivated on input line 25
.
 (main.toc
Underfull \vbox (badness 1009) has occurred while \output is active []

 [11])
\tf@toc=\write8
\openout8 = `main.toc'.


[12]
Package tocbasic Info: character protrusion at lof deactivated on input line 26
.
 (main.lof)
\tf@lof=\write9
\openout9 = `main.lof'.

 [13


] [14


]
Package tocbasic Info: character protrusion at lot deactivated on input line 27
.
 (main.lot)
\tf@lot=\write10
\openout10 = `main.lot'.

 [15] (lista_abreviaturas.tex [16


]

LaTeX Warning: You have things left to do! on input line 4.

LaTeX Font Info:    Trying to load font information for OMS+ppl on input line 6
.
(C:\Users\Dom\AppData\Roaming\MiKTeX\2.9\tex/latex/psnfss\omsppl.fd
File: omsppl.fd 
)
LaTeX Font Info:    Font shape `OMS/ppl/m/n' in size <10> not available
(Font)              Font shape `OMS/cmsy/m/n' tried instead on input line 6.

Overfull \hbox (8.47417pt too wide) in paragraph at lines 9--10
[]\T1/ppl/m/n/10 CREATE - Con-sorzio di Ricerca per l'Energia, l'Automazione e 
le Tec-nolo-gie dell'Elettromagnetismo 
 []

) [17] [18]
\openout2 = `lista_variaveis.aux'.

 (lista_variaveis.tex

LaTeX Warning: You have things left to do! on input line 3.

) [19



] (Chp1/Intro.tex [1

] [2


]
chapter 1.

Class scrbook Warning: \float@addtolists detected!
(scrbook)              Implementation of \float@addtolist became
(scrbook)              deprecated in KOMA-Script v3.01 2008/11/14 and
(scrbook)              has been replaced by several more flexible
(scrbook)              features of package `tocbasic`.
(scrbook)              Since Version 3.12 support for deprecated
(scrbook)              \float@addtolist interface has been
(scrbook)              restricted to only some of the KOMA-Script
(scrbook)              features and been removed from others.
(scrbook)              Loading of package `scrhack' may help to
(scrbook)              avoid this warning, if you are using a
(scrbook)              a package that still implements the
(scrbook)              deprecated \float@addtolist interface .

) (Chp2/Chap2.tex [3] [4


]
chapter 2.
<Chp2/DIIDPCS_old.PNG, id=270, 525.162pt x 387.849pt>
File: Chp2/DIIDPCS_old.PNG Graphic file (type png)
<use Chp2/DIIDPCS_old.PNG>
Package pdftex.def Info: Chp2/DIIDPCS_old.PNG  used on input line 13.
(pdftex.def)             Requested size: 294.44724pt x 217.46027pt.
<Chp2/DIIIDPCSnew.PNG, id=274, 590.205pt x 347.49825pt>
File: Chp2/DIIIDPCSnew.PNG Graphic file (type png)
<use Chp2/DIIIDPCSnew.PNG>
Package pdftex.def Info: Chp2/DIIIDPCSnew.PNG  used on input line 22.
(pdftex.def)             Requested size: 294.44724pt x 173.36691pt.
[5]
LaTeX Font Info:    Font shape `U/msa/m/n' will be
(Font)              scaled to size 5.21004pt on input line 30.
LaTeX Font Info:    Font shape `U/msb/m/n' will be
(Font)              scaled to size 5.21004pt on input line 30.
 [6 <./Chp2/DIIDPCS_old.PNG> <./Chp2/DIIIDPCSnew.PNG>]
<Chp2/TCVcntrl1.png, id=296, 798.5835pt x 442.0515pt>
File: Chp2/TCVcntrl1.png Graphic file (type png)
<use Chp2/TCVcntrl1.png>
Package pdftex.def Info: Chp2/TCVcntrl1.png  used on input line 34.
(pdftex.def)             Requested size: 294.44724pt x 162.9899pt.
) (Chp3/Chap3.tex
[7 <./Chp2/TCVcntrl1.png>] [8


]
chapter 3.
) (Chp4/Chap4.tex [9] [10


]
chapter 4.
) (Chp5/Chap5.tex [11] [12


]
chapter 5.
) (Chp6/Concl.tex [13] [14


]
chapter 6.
)
Underfull \vbox (badness 10000) has occurred while \output is active []

 [15]
(main.bbl [16


]) [17] [18


]
chapter A.
[19]
Package atveryend Info: Empty hook `BeforeClearDocument' on input line 103.
Package atveryend Info: Empty hook `AfterLastShipout' on input line 103.
 (main.aux (abs_akw/abstract.aux) (abs_akw/acknowledgements.aux)
(lista_variaveis.aux))
Package atveryend Info: Executing hook `AtVeryEndDocument' on input line 103.
Package atveryend Info: Executing hook `AtEndAfterFileList' on input line 103.
Package rerunfilecheck Info: File `main.out' has not changed.
(rerunfilecheck)             Checksum: D41D8CD98F00B204E9800998ECF8427E;0.


LaTeX Font Warning: Size substitutions with differences
(Font)              up to 1.46pt have occurred.

Package atveryend Info: Empty hook `AtVeryVeryEnd' on input line 103.
 ) 
Here is how much of TeX's memory you used:
 56309 strings out of 492483
 1234878 string characters out of 3130528
 1574828 words of memory out of 3000000
 59581 multiletter control sequences out of 15000+200000
 593299 words of font info for 154 fonts, out of 3000000 for 9000
 1149 hyphenation exceptions out of 8191
 76i,12n,92p,10180b,1010s stack positions out of 5000i,500n,10000p,200000b,50000s
pdfTeX warning (dest): name{Hfootnote.2} has been referenced but does not exi
st, replaced by a fixed one

pdfTeX warning (dest): name{Hfootnote.1} has been referenced but does not exist
, replaced by a fixed one

{C:/Program Files/MiKTeX 2.9/fonts/enc/dvips/base/8r.enc} <C:\Users\Dom\AppData
\Local\MiKTeX\2.9\fonts/pk/ljfour/jknappen/ec/dpi600\ecrm1440.pk> <C:\Users\Dom
\AppData\Local\MiKTeX\2.9\fonts/pk/ljfour/jknappen/ec/dpi600\ecbx1200.pk> <C:\U
sers\Dom\AppData\Local\MiKTeX\2.9\fonts/pk/ljfour/jknappen/ec/dpi600\ecbx2074.p
k> <C:\Users\Dom\AppData\Local\MiKTeX\2.9\fonts/pk/ljfour/jknappen/ec/dpi600\ec
bx1440.pk> <C:\Users\Dom\AppData\Local\MiKTeX\2.9\fonts/pk/ljfour/jknappen/ec/d
pi600\ecbx1728.pk><C:/Program Files/MiKTeX 2.9/fonts/type1/public/amsfonts/cm/c
mr10.pfb><C:/Program Files/MiKTeX 2.9/fonts/type1/public/amsfonts/cm/cmsy10.pfb
><C:/Users/Dom/AppData/Roaming/MiKTeX/2.9/fonts/type1/public/mathpazo/fplmri.pf
b><C:/Users/Dom/AppData/Roaming/MiKTeX/2.9/fonts/type1/public/fpl/fplrc8a.pfb><
C:/Users/Dom/AppData/Roaming/MiKTeX/2.9/fonts/type1/urw/palatino/uplb8a.pfb><C:
/Users/Dom/AppData/Roaming/MiKTeX/2.9/fonts/type1/urw/palatino/uplr8a.pfb><C:/U
sers/Dom/AppData/Roaming/MiKTeX/2.9/fonts/type1/urw/palatino/uplri8a.pfb>
Output written on main.pdf (38 pages, 1198561 bytes).
PDF statistics:
 672 PDF objects out of 1000 (max. 8388607)
 107 named destinations out of 1000 (max. 500000)
 39350 words of extra memory for PDF output out of 42996 (max. 10000000)

